{"/Users/heshama/Desktop/Code/surveyjs-react-client-main/backend/config/concepts.js": {"path":"/Users/heshama/Desktop/Code/surveyjs-react-client-main/backend/config/concepts.js","statementMap":{"0":{"start":{"line":4,"column":24},"end":{"line":29,"column":1}},"1":{"start":{"line":32,"column":27},"end":{"line":32,"column":48}},"2":{"start":{"line":35,"column":29},"end":{"line":37,"column":1}},"3":{"start":{"line":36,"column":46},"end":{"line":36,"column":65}}},"fnMap":{"0":{"name":"(anonymous_0)","decl":{"start":{"line":36,"column":33},"end":{"line":36,"column":34}},"loc":{"start":{"line":36,"column":46},"end":{"line":36,"column":65}},"line":36}},"branchMap":{},"s":{"0":5,"1":5,"2":5,"3":20},"f":{"0":20},"b":{},"inputSourceMap":null,"_coverageSchema":"1a1c01bbd47fc00a2c39e90264f33305004495a9","hash":"636abcd0045d01ae4cb90e59fb374d7ef60dbf8f"}
,"/Users/heshama/Desktop/Code/surveyjs-react-client-main/backend/config/database.js": {"path":"/Users/heshama/Desktop/Code/surveyjs-react-client-main/backend/config/database.js","statementMap":{"0":{"start":{"line":3,"column":17},"end":{"line":3,"column":20}},"1":{"start":{"line":5,"column":13},"end":{"line":11,"column":2}}},"fnMap":{},"branchMap":{"0":{"loc":{"start":{"line":6,"column":10},"end":{"line":6,"column":42}},"type":"binary-expr","locations":[{"start":{"line":6,"column":10},"end":{"line":6,"column":28}},{"start":{"line":6,"column":32},"end":{"line":6,"column":42}}],"line":6},"1":{"loc":{"start":{"line":7,"column":17},"end":{"line":7,"column":43}},"type":"binary-expr","locations":[{"start":{"line":7,"column":17},"end":{"line":7,"column":35}},{"start":{"line":7,"column":39},"end":{"line":7,"column":43}}],"line":7},"2":{"loc":{"start":{"line":8,"column":10},"end":{"line":8,"column":42}},"type":"binary-expr","locations":[{"start":{"line":8,"column":10},"end":{"line":8,"column":28}},{"start":{"line":8,"column":32},"end":{"line":8,"column":42}}],"line":8},"3":{"loc":{"start":{"line":10,"column":14},"end":{"line":10,"column":50}},"type":"binary-expr","locations":[{"start":{"line":10,"column":14},"end":{"line":10,"column":36}},{"start":{"line":10,"column":40},"end":{"line":10,"column":50}}],"line":10}},"s":{"0":0,"1":0},"f":{},"b":{"0":[0,0],"1":[0,0],"2":[0,0],"3":[0,0]},"inputSourceMap":null}
,"/Users/heshama/Desktop/Code/surveyjs-react-client-main/backend/config/envValidation.js": {"path":"/Users/heshama/Desktop/Code/surveyjs-react-client-main/backend/config/envValidation.js","statementMap":{"0":{"start":{"line":7,"column":32},"end":{"line":13,"column":1}},"1":{"start":{"line":16,"column":24},"end":{"line":23,"column":1}},"2":{"start":{"line":34,"column":20},"end":{"line":34,"column":22}},"3":{"start":{"line":35,"column":21},"end":{"line":35,"column":23}},"4":{"start":{"line":38,"column":4},"end":{"line":46,"column":5}},"5":{"start":{"line":39,"column":8},"end":{"line":45,"column":9}},"6":{"start":{"line":40,"column":12},"end":{"line":44,"column":13}},"7":{"start":{"line":41,"column":16},"end":{"line":41,"column":54}},"8":{"start":{"line":43,"column":16},"end":{"line":43,"column":71}},"9":{"start":{"line":49,"column":4},"end":{"line":56,"column":5}},"10":{"start":{"line":50,"column":8},"end":{"line":52,"column":9}},"11":{"start":{"line":51,"column":12},"end":{"line":51,"column":99}},"12":{"start":{"line":53,"column":8},"end":{"line":55,"column":9}},"13":{"start":{"line":54,"column":12},"end":{"line":54,"column":86}},"14":{"start":{"line":59,"column":4},"end":{"line":63,"column":5}},"15":{"start":{"line":60,"column":8},"end":{"line":62,"column":9}},"16":{"start":{"line":61,"column":12},"end":{"line":61,"column":62}},"17":{"start":{"line":66,"column":4},"end":{"line":69,"column":5}},"18":{"start":{"line":67,"column":8},"end":{"line":67,"column":44}},"19":{"start":{"line":68,"column":8},"end":{"line":68,"column":54}},"20":{"start":{"line":68,"column":30},"end":{"line":68,"column":53}},"21":{"start":{"line":72,"column":4},"end":{"line":76,"column":5}},"22":{"start":{"line":73,"column":29},"end":{"line":73,"column":129}},"23":{"start":{"line":73,"column":105},"end":{"line":73,"column":115}},"24":{"start":{"line":74,"column":8},"end":{"line":74,"column":34}},"25":{"start":{"line":75,"column":8},"end":{"line":75,"column":37}},"26":{"start":{"line":78,"column":4},"end":{"line":78,"column":48}}},"fnMap":{"0":{"name":"validateEnvironment","decl":{"start":{"line":33,"column":9},"end":{"line":33,"column":28}},"loc":{"start":{"line":33,"column":51},"end":{"line":79,"column":1}},"line":33},"1":{"name":"(anonymous_1)","decl":{"start":{"line":68,"column":25},"end":{"line":68,"column":26}},"loc":{"start":{"line":68,"column":30},"end":{"line":68,"column":53}},"line":68},"2":{"name":"(anonymous_2)","decl":{"start":{"line":73,"column":100},"end":{"line":73,"column":101}},"loc":{"start":{"line":73,"column":105},"end":{"line":73,"column":115}},"line":73}},"branchMap":{"0":{"loc":{"start":{"line":33,"column":29},"end":{"line":33,"column":49}},"type":"default-arg","locations":[{"start":{"line":33,"column":44},"end":{"line":33,"column":49}}],"line":33},"1":{"loc":{"start":{"line":39,"column":8},"end":{"line":45,"column":9}},"type":"if","locations":[{"start":{"line":39,"column":8},"end":{"line":45,"column":9}},{"start":{},"end":{}}],"line":39},"2":{"loc":{"start":{"line":40,"column":12},"end":{"line":44,"column":13}},"type":"if","locations":[{"start":{"line":40,"column":12},"end":{"line":44,"column":13}},{"start":{"line":42,"column":19},"end":{"line":44,"column":13}}],"line":40},"3":{"loc":{"start":{"line":49,"column":4},"end":{"line":56,"column":5}},"type":"if","locations":[{"start":{"line":49,"column":4},"end":{"line":56,"column":5}},{"start":{},"end":{}}],"line":49},"4":{"loc":{"start":{"line":50,"column":8},"end":{"line":52,"column":9}},"type":"if","locations":[{"start":{"line":50,"column":8},"end":{"line":52,"column":9}},{"start":{},"end":{}}],"line":50},"5":{"loc":{"start":{"line":50,"column":12},"end":{"line":50,"column":86}},"type":"binary-expr","locations":[{"start":{"line":50,"column":12},"end":{"line":50,"column":39}},{"start":{"line":50,"column":43},"end":{"line":50,"column":86}}],"line":50},"6":{"loc":{"start":{"line":53,"column":8},"end":{"line":55,"column":9}},"type":"if","locations":[{"start":{"line":53,"column":8},"end":{"line":55,"column":9}},{"start":{},"end":{}}],"line":53},"7":{"loc":{"start":{"line":53,"column":12},"end":{"line":53,"column":76}},"type":"binary-expr","locations":[{"start":{"line":53,"column":12},"end":{"line":53,"column":35}},{"start":{"line":53,"column":39},"end":{"line":53,"column":76}}],"line":53},"8":{"loc":{"start":{"line":60,"column":8},"end":{"line":62,"column":9}},"type":"if","locations":[{"start":{"line":60,"column":8},"end":{"line":62,"column":9}},{"start":{},"end":{}}],"line":60},"9":{"loc":{"start":{"line":66,"column":4},"end":{"line":69,"column":5}},"type":"if","locations":[{"start":{"line":66,"column":4},"end":{"line":69,"column":5}},{"start":{},"end":{}}],"line":66},"10":{"loc":{"start":{"line":72,"column":4},"end":{"line":76,"column":5}},"type":"if","locations":[{"start":{"line":72,"column":4},"end":{"line":76,"column":5}},{"start":{},"end":{}}],"line":72},"11":{"loc":{"start":{"line":72,"column":8},"end":{"line":72,"column":42}},"type":"binary-expr","locations":[{"start":{"line":72,"column":8},"end":{"line":72,"column":20}},{"start":{"line":72,"column":24},"end":{"line":72,"column":42}}],"line":72}},"s":{"0":0,"1":0,"2":0,"3":0,"4":0,"5":0,"6":0,"7":0,"8":0,"9":0,"10":0,"11":0,"12":0,"13":0,"14":0,"15":0,"16":0,"17":0,"18":0,"19":0,"20":0,"21":0,"22":0,"23":0,"24":0,"25":0,"26":0},"f":{"0":0,"1":0,"2":0},"b":{"0":[0],"1":[0,0],"2":[0,0],"3":[0,0],"4":[0,0],"5":[0,0],"6":[0,0],"7":[0,0],"8":[0,0],"9":[0,0],"10":[0,0],"11":[0,0]},"inputSourceMap":null}
,"/Users/heshama/Desktop/Code/surveyjs-react-client-main/backend/config/swagger.js": {"path":"/Users/heshama/Desktop/Code/surveyjs-react-client-main/backend/config/swagger.js","statementMap":{"0":{"start":{"line":3,"column":16},"end":{"line":33,"column":1}},"1":{"start":{"line":35,"column":21},"end":{"line":35,"column":42}}},"fnMap":{},"branchMap":{},"s":{"0":0,"1":0},"f":{},"b":{},"inputSourceMap":null}
,"/Users/heshama/Desktop/Code/surveyjs-react-client-main/backend/routes/admin.js": {"path":"/Users/heshama/Desktop/Code/surveyjs-react-client-main/backend/routes/admin.js","statementMap":{"0":{"start":{"line":11,"column":15},"end":{"line":11,"column":23}},"1":{"start":{"line":14,"column":0},"end":{"line":14,"column":24}},"2":{"start":{"line":17,"column":27},"end":{"line":17,"column":50}},"3":{"start":{"line":20,"column":0},"end":{"line":41,"column":3}},"4":{"start":{"line":21,"column":27},"end":{"line":21,"column":53}},"5":{"start":{"line":23,"column":8},"end":{"line":25,"column":9}},"6":{"start":{"line":24,"column":12},"end":{"line":24,"column":100}},"7":{"start":{"line":27,"column":25},"end":{"line":33,"column":9}},"8":{"start":{"line":35,"column":8},"end":{"line":38,"column":9}},"9":{"start":{"line":36,"column":34},"end":{"line":36,"column":99}},"10":{"start":{"line":37,"column":12},"end":{"line":37,"column":97}},"11":{"start":{"line":40,"column":8},"end":{"line":40,"column":25}},"12":{"start":{"line":44,"column":0},"end":{"line":64,"column":3}},"13":{"start":{"line":45,"column":24},"end":{"line":45,"column":26}},"14":{"start":{"line":47,"column":8},"end":{"line":61,"column":9}},"15":{"start":{"line":48,"column":29},"end":{"line":54,"column":13}},"16":{"start":{"line":56,"column":12},"end":{"line":60,"column":13}},"17":{"start":{"line":63,"column":8},"end":{"line":63,"column":25}},"18":{"start":{"line":67,"column":0},"end":{"line":90,"column":3}},"19":{"start":{"line":68,"column":33},"end":{"line":68,"column":41}},"20":{"start":{"line":69,"column":27},"end":{"line":69,"column":43}},"21":{"start":{"line":70,"column":23},"end":{"line":70,"column":43}},"22":{"start":{"line":72,"column":8},"end":{"line":74,"column":9}},"23":{"start":{"line":73,"column":12},"end":{"line":73,"column":100}},"24":{"start":{"line":76,"column":8},"end":{"line":78,"column":9}},"25":{"start":{"line":77,"column":12},"end":{"line":77,"column":57}},"26":{"start":{"line":81,"column":25},"end":{"line":86,"column":9}},"27":{"start":{"line":88,"column":8},"end":{"line":88,"column":71}},"28":{"start":{"line":89,"column":8},"end":{"line":89,"column":25}},"29":{"start":{"line":95,"column":0},"end":{"line":100,"column":3}},"30":{"start":{"line":96,"column":25},"end":{"line":98,"column":9}},"31":{"start":{"line":99,"column":8},"end":{"line":99,"column":36}},"32":{"start":{"line":103,"column":0},"end":{"line":172,"column":3}},"33":{"start":{"line":104,"column":30},"end":{"line":104,"column":40}},"34":{"start":{"line":106,"column":25},"end":{"line":112,"column":9}},"35":{"start":{"line":115,"column":40},"end":{"line":120,"column":9}},"36":{"start":{"line":121,"column":32},"end":{"line":121,"column":34}},"37":{"start":{"line":122,"column":8},"end":{"line":124,"column":9}},"38":{"start":{"line":123,"column":12},"end":{"line":123,"column":87}},"39":{"start":{"line":127,"column":38},"end":{"line":138,"column":9}},"40":{"start":{"line":139,"column":28},"end":{"line":139,"column":30}},"41":{"start":{"line":140,"column":8},"end":{"line":151,"column":9}},"42":{"start":{"line":141,"column":12},"end":{"line":150,"column":13}},"43":{"start":{"line":153,"column":23},"end":{"line":169,"column":11}},"44":{"start":{"line":153,"column":40},"end":{"line":169,"column":9}},"45":{"start":{"line":171,"column":8},"end":{"line":171,"column":28}},"46":{"start":{"line":175,"column":0},"end":{"line":180,"column":3}},"47":{"start":{"line":176,"column":30},"end":{"line":176,"column":40}},"48":{"start":{"line":177,"column":31},"end":{"line":177,"column":40}},"49":{"start":{"line":178,"column":28},"end":{"line":178,"column":84}},"50":{"start":{"line":179,"column":8},"end":{"line":179,"column":33}},"51":{"start":{"line":183,"column":0},"end":{"line":205,"column":3}},"52":{"start":{"line":184,"column":21},"end":{"line":191,"column":5}},"53":{"start":{"line":192,"column":24},"end":{"line":203,"column":7}},"54":{"start":{"line":192,"column":39},"end":{"line":203,"column":5}},"55":{"start":{"line":204,"column":4},"end":{"line":204,"column":29}},"56":{"start":{"line":208,"column":0},"end":{"line":245,"column":3}},"57":{"start":{"line":209,"column":21},"end":{"line":230,"column":5}},"58":{"start":{"line":231,"column":20},"end":{"line":243,"column":7}},"59":{"start":{"line":231,"column":35},"end":{"line":243,"column":5}},"60":{"start":{"line":244,"column":4},"end":{"line":244,"column":25}},"61":{"start":{"line":248,"column":0},"end":{"line":251,"column":2}},"62":{"start":{"line":249,"column":4},"end":{"line":249,"column":29}},"63":{"start":{"line":250,"column":4},"end":{"line":250,"column":34}},"64":{"start":{"line":253,"column":0},"end":{"line":256,"column":2}},"65":{"start":{"line":254,"column":4},"end":{"line":254,"column":28}},"66":{"start":{"line":255,"column":4},"end":{"line":255,"column":34}}},"fnMap":{"0":{"name":"(anonymous_0)","decl":{"start":{"line":20,"column":33},"end":{"line":20,"column":34}},"loc":{"start":{"line":20,"column":53},"end":{"line":41,"column":1}},"line":20},"1":{"name":"(anonymous_1)","decl":{"start":{"line":44,"column":34},"end":{"line":44,"column":35}},"loc":{"start":{"line":44,"column":54},"end":{"line":64,"column":1}},"line":44},"2":{"name":"(anonymous_2)","decl":{"start":{"line":67,"column":33},"end":{"line":67,"column":34}},"loc":{"start":{"line":67,"column":53},"end":{"line":90,"column":1}},"line":67},"3":{"name":"(anonymous_3)","decl":{"start":{"line":95,"column":35},"end":{"line":95,"column":36}},"loc":{"start":{"line":95,"column":55},"end":{"line":100,"column":1}},"line":95},"4":{"name":"(anonymous_4)","decl":{"start":{"line":103,"column":53},"end":{"line":103,"column":54}},"loc":{"start":{"line":103,"column":73},"end":{"line":172,"column":1}},"line":103},"5":{"name":"(anonymous_5)","decl":{"start":{"line":153,"column":32},"end":{"line":153,"column":33}},"loc":{"start":{"line":153,"column":40},"end":{"line":169,"column":9}},"line":153},"6":{"name":"(anonymous_6)","decl":{"start":{"line":175,"column":58},"end":{"line":175,"column":59}},"loc":{"start":{"line":175,"column":78},"end":{"line":180,"column":1}},"line":175},"7":{"name":"(anonymous_7)","decl":{"start":{"line":183,"column":46},"end":{"line":183,"column":47}},"loc":{"start":{"line":183,"column":66},"end":{"line":205,"column":1}},"line":183},"8":{"name":"(anonymous_8)","decl":{"start":{"line":192,"column":33},"end":{"line":192,"column":34}},"loc":{"start":{"line":192,"column":39},"end":{"line":203,"column":5}},"line":192},"9":{"name":"(anonymous_9)","decl":{"start":{"line":208,"column":42},"end":{"line":208,"column":43}},"loc":{"start":{"line":208,"column":62},"end":{"line":245,"column":1}},"line":208},"10":{"name":"(anonymous_10)","decl":{"start":{"line":231,"column":29},"end":{"line":231,"column":30}},"loc":{"start":{"line":231,"column":35},"end":{"line":243,"column":5}},"line":231},"11":{"name":"(anonymous_11)","decl":{"start":{"line":248,"column":29},"end":{"line":248,"column":30}},"loc":{"start":{"line":248,"column":49},"end":{"line":251,"column":1}},"line":248},"12":{"name":"(anonymous_12)","decl":{"start":{"line":253,"column":29},"end":{"line":253,"column":30}},"loc":{"start":{"line":253,"column":49},"end":{"line":256,"column":1}},"line":253}},"branchMap":{"0":{"loc":{"start":{"line":21,"column":27},"end":{"line":21,"column":53}},"type":"binary-expr","locations":[{"start":{"line":21,"column":27},"end":{"line":21,"column":41}},{"start":{"line":21,"column":45},"end":{"line":21,"column":53}}],"line":21},"1":{"loc":{"start":{"line":23,"column":8},"end":{"line":25,"column":9}},"type":"if","locations":[{"start":{"line":23,"column":8},"end":{"line":25,"column":9}},{"start":{},"end":{}}],"line":23},"2":{"loc":{"start":{"line":35,"column":8},"end":{"line":38,"column":9}},"type":"if","locations":[{"start":{"line":35,"column":8},"end":{"line":38,"column":9}},{"start":{},"end":{}}],"line":35},"3":{"loc":{"start":{"line":36,"column":34},"end":{"line":36,"column":99}},"type":"cond-expr","locations":[{"start":{"line":36,"column":60},"end":{"line":36,"column":72}},{"start":{"line":36,"column":75},"end":{"line":36,"column":99}}],"line":36},"4":{"loc":{"start":{"line":56,"column":28},"end":{"line":60,"column":13}},"type":"cond-expr","locations":[{"start":{"line":56,"column":46},"end":{"line":56,"column":53}},{"start":{"line":56,"column":56},"end":{"line":60,"column":13}}],"line":56},"5":{"loc":{"start":{"line":57,"column":24},"end":{"line":57,"column":83}},"type":"cond-expr","locations":[{"start":{"line":57,"column":44},"end":{"line":57,"column":56}},{"start":{"line":57,"column":59},"end":{"line":57,"column":83}}],"line":57},"6":{"loc":{"start":{"line":69,"column":27},"end":{"line":69,"column":43}},"type":"binary-expr","locations":[{"start":{"line":69,"column":27},"end":{"line":69,"column":31}},{"start":{"line":69,"column":35},"end":{"line":69,"column":43}}],"line":69},"7":{"loc":{"start":{"line":72,"column":8},"end":{"line":74,"column":9}},"type":"if","locations":[{"start":{"line":72,"column":8},"end":{"line":74,"column":9}},{"start":{},"end":{}}],"line":72},"8":{"loc":{"start":{"line":76,"column":8},"end":{"line":78,"column":9}},"type":"if","locations":[{"start":{"line":76,"column":8},"end":{"line":78,"column":9}},{"start":{},"end":{}}],"line":76},"9":{"loc":{"start":{"line":76,"column":12},"end":{"line":76,"column":49}},"type":"binary-expr","locations":[{"start":{"line":76,"column":12},"end":{"line":76,"column":19}},{"start":{"line":76,"column":23},"end":{"line":76,"column":49}}],"line":76},"10":{"loc":{"start":{"line":145,"column":36},"end":{"line":145,"column":75}},"type":"binary-expr","locations":[{"start":{"line":145,"column":36},"end":{"line":145,"column":69}},{"start":{"line":145,"column":73},"end":{"line":145,"column":75}}],"line":145},"11":{"loc":{"start":{"line":155,"column":25},"end":{"line":155,"column":72}},"type":"binary-expr","locations":[{"start":{"line":155,"column":25},"end":{"line":155,"column":54}},{"start":{"line":155,"column":58},"end":{"line":155,"column":72}}],"line":155},"12":{"loc":{"start":{"line":159,"column":28},"end":{"line":159,"column":67}},"type":"binary-expr","locations":[{"start":{"line":159,"column":28},"end":{"line":159,"column":59}},{"start":{"line":159,"column":63},"end":{"line":159,"column":67}}],"line":159},"13":{"loc":{"start":{"line":160,"column":26},"end":{"line":160,"column":75}},"type":"binary-expr","locations":[{"start":{"line":160,"column":26},"end":{"line":160,"column":67}},{"start":{"line":160,"column":71},"end":{"line":160,"column":75}}],"line":160},"14":{"loc":{"start":{"line":161,"column":26},"end":{"line":161,"column":75}},"type":"binary-expr","locations":[{"start":{"line":161,"column":26},"end":{"line":161,"column":67}},{"start":{"line":161,"column":71},"end":{"line":161,"column":75}}],"line":161},"15":{"loc":{"start":{"line":162,"column":27},"end":{"line":162,"column":77}},"type":"binary-expr","locations":[{"start":{"line":162,"column":27},"end":{"line":162,"column":69}},{"start":{"line":162,"column":73},"end":{"line":162,"column":77}}],"line":162},"16":{"loc":{"start":{"line":163,"column":32},"end":{"line":163,"column":87}},"type":"binary-expr","locations":[{"start":{"line":163,"column":32},"end":{"line":163,"column":79}},{"start":{"line":163,"column":83},"end":{"line":163,"column":87}}],"line":163},"17":{"loc":{"start":{"line":164,"column":30},"end":{"line":164,"column":83}},"type":"binary-expr","locations":[{"start":{"line":164,"column":30},"end":{"line":164,"column":75}},{"start":{"line":164,"column":79},"end":{"line":164,"column":83}}],"line":164},"18":{"loc":{"start":{"line":165,"column":21},"end":{"line":165,"column":62}},"type":"binary-expr","locations":[{"start":{"line":165,"column":21},"end":{"line":165,"column":57}},{"start":{"line":165,"column":61},"end":{"line":165,"column":62}}],"line":165},"19":{"loc":{"start":{"line":166,"column":24},"end":{"line":166,"column":69}},"type":"binary-expr","locations":[{"start":{"line":166,"column":24},"end":{"line":166,"column":63}},{"start":{"line":166,"column":67},"end":{"line":166,"column":69}}],"line":166},"20":{"loc":{"start":{"line":167,"column":21},"end":{"line":167,"column":64}},"type":"binary-expr","locations":[{"start":{"line":167,"column":21},"end":{"line":167,"column":57}},{"start":{"line":167,"column":61},"end":{"line":167,"column":64}}],"line":167},"21":{"loc":{"start":{"line":196,"column":25},"end":{"line":196,"column":91}},"type":"cond-expr","locations":[{"start":{"line":196,"column":54},"end":{"line":196,"column":84}},{"start":{"line":196,"column":87},"end":{"line":196,"column":91}}],"line":196},"22":{"loc":{"start":{"line":197,"column":28},"end":{"line":197,"column":102}},"type":"cond-expr","locations":[{"start":{"line":197,"column":61},"end":{"line":197,"column":95}},{"start":{"line":197,"column":98},"end":{"line":197,"column":102}}],"line":197},"23":{"loc":{"start":{"line":235,"column":20},"end":{"line":235,"column":76}},"type":"cond-expr","locations":[{"start":{"line":235,"column":44},"end":{"line":235,"column":69}},{"start":{"line":235,"column":72},"end":{"line":235,"column":76}}],"line":235},"24":{"loc":{"start":{"line":239,"column":15},"end":{"line":239,"column":59}},"type":"cond-expr","locations":[{"start":{"line":239,"column":33},"end":{"line":239,"column":52}},{"start":{"line":239,"column":55},"end":{"line":239,"column":59}}],"line":239},"25":{"loc":{"start":{"line":241,"column":28},"end":{"line":241,"column":100}},"type":"cond-expr","locations":[{"start":{"line":241,"column":60},"end":{"line":241,"column":93}},{"start":{"line":241,"column":96},"end":{"line":241,"column":100}}],"line":241},"26":{"loc":{"start":{"line":242,"column":19},"end":{"line":242,"column":45}},"type":"binary-expr","locations":[{"start":{"line":242,"column":19},"end":{"line":242,"column":37}},{"start":{"line":242,"column":41},"end":{"line":242,"column":45}}],"line":242}},"s":{"0":1,"1":1,"2":1,"3":1,"4":4,"5":4,"6":1,"7":3,"8":3,"9":2,"10":2,"11":1,"12":1,"13":0,"14":0,"15":0,"16":0,"17":0,"18":1,"19":3,"20":3,"21":3,"22":3,"23":1,"24":2,"25":1,"26":1,"27":1,"28":1,"29":1,"30":2,"31":2,"32":1,"33":2,"34":2,"35":2,"36":2,"37":2,"38":0,"39":2,"40":2,"41":2,"42":0,"43":2,"44":1,"45":2,"46":1,"47":0,"48":0,"49":0,"50":0,"51":1,"52":0,"53":0,"54":0,"55":0,"56":1,"57":0,"58":0,"59":0,"60":0,"61":1,"62":0,"63":0,"64":1,"65":0,"66":0},"f":{"0":4,"1":0,"2":3,"3":2,"4":2,"5":1,"6":0,"7":0,"8":0,"9":0,"10":0,"11":0,"12":0},"b":{"0":[4,0],"1":[1,3],"2":[2,1],"3":[1,1],"4":[0,0],"5":[0,0],"6":[3,0],"7":[1,2],"8":[1,1],"9":[2,1],"10":[0,0],"11":[1,0],"12":[1,1],"13":[1,1],"14":[1,1],"15":[1,1],"16":[1,1],"17":[1,1],"18":[1,1],"19":[1,1],"20":[1,1],"21":[0,0],"22":[0,0],"23":[0,0],"24":[0,0],"25":[0,0],"26":[0,0]},"inputSourceMap":null,"_coverageSchema":"1a1c01bbd47fc00a2c39e90264f33305004495a9","hash":"230b50ac06fc3cc21c9779d5db5dc1f680e362ad"}
,"/Users/heshama/Desktop/Code/surveyjs-react-client-main/backend/routes/annotations.js": {"path":"/Users/heshama/Desktop/Code/surveyjs-react-client-main/backend/routes/annotations.js","statementMap":{"0":{"start":{"line":8,"column":15},"end":{"line":8,"column":23}},"1":{"start":{"line":9,"column":0},"end":{"line":9,"column":23}},"2":{"start":{"line":12,"column":0},"end":{"line":17,"column":3}},"3":{"start":{"line":13,"column":19},"end":{"line":13,"column":38}},"4":{"start":{"line":14,"column":27},"end":{"line":14,"column":36}},"5":{"start":{"line":15,"column":24},"end":{"line":15,"column":77}},"6":{"start":{"line":16,"column":4},"end":{"line":16,"column":29}},"7":{"start":{"line":20,"column":0},"end":{"line":24,"column":3}},"8":{"start":{"line":21,"column":19},"end":{"line":21,"column":38}},"9":{"start":{"line":22,"column":28},"end":{"line":22,"column":72}},"10":{"start":{"line":23,"column":4},"end":{"line":23,"column":33}}},"fnMap":{"0":{"name":"(anonymous_0)","decl":{"start":{"line":12,"column":27},"end":{"line":12,"column":28}},"loc":{"start":{"line":12,"column":47},"end":{"line":17,"column":1}},"line":12},"1":{"name":"(anonymous_1)","decl":{"start":{"line":20,"column":34},"end":{"line":20,"column":35}},"loc":{"start":{"line":20,"column":54},"end":{"line":24,"column":1}},"line":20}},"branchMap":{},"s":{"0":1,"1":1,"2":1,"3":1,"4":1,"5":1,"6":1,"7":1,"8":1,"9":1,"10":1},"f":{"0":1,"1":1},"b":{},"inputSourceMap":null,"_coverageSchema":"1a1c01bbd47fc00a2c39e90264f33305004495a9","hash":"b8ee68b1f2d6119b1696d68861e711c5b413a60f"}
,"/Users/heshama/Desktop/Code/surveyjs-react-client-main/backend/routes/auth.js": {"path":"/Users/heshama/Desktop/Code/surveyjs-react-client-main/backend/routes/auth.js","statementMap":{"0":{"start":{"line":12,"column":15},"end":{"line":12,"column":23}},"1":{"start":{"line":15,"column":0},"end":{"line":19,"column":13}},"2":{"start":{"line":60,"column":0},"end":{"line":63,"column":10}},"3":{"start":{"line":66,"column":0},"end":{"line":66,"column":30}},"4":{"start":{"line":69,"column":0},"end":{"line":69,"column":24}},"5":{"start":{"line":72,"column":0},"end":{"line":86,"column":2}},"6":{"start":{"line":73,"column":4},"end":{"line":75,"column":5}},"7":{"start":{"line":74,"column":8},"end":{"line":74,"column":59}},"8":{"start":{"line":77,"column":4},"end":{"line":79,"column":5}},"9":{"start":{"line":78,"column":8},"end":{"line":78,"column":30}},"10":{"start":{"line":81,"column":17},"end":{"line":81,"column":65}},"11":{"start":{"line":82,"column":17},"end":{"line":82,"column":42}},"12":{"start":{"line":83,"column":4},"end":{"line":83,"column":27}},"13":{"start":{"line":84,"column":4},"end":{"line":84,"column":41}},"14":{"start":{"line":85,"column":4},"end":{"line":85,"column":18}}},"fnMap":{"0":{"name":"(anonymous_0)","decl":{"start":{"line":72,"column":29},"end":{"line":72,"column":30}},"loc":{"start":{"line":72,"column":49},"end":{"line":86,"column":1}},"line":72}},"branchMap":{"0":{"loc":{"start":{"line":73,"column":4},"end":{"line":75,"column":5}},"type":"if","locations":[{"start":{"line":73,"column":4},"end":{"line":75,"column":5}},{"start":{},"end":{}}],"line":73},"1":{"loc":{"start":{"line":77,"column":4},"end":{"line":79,"column":5}},"type":"if","locations":[{"start":{"line":77,"column":4},"end":{"line":79,"column":5}},{"start":{},"end":{}}],"line":77},"2":{"loc":{"start":{"line":77,"column":8},"end":{"line":77,"column":45}},"type":"binary-expr","locations":[{"start":{"line":77,"column":8},"end":{"line":77,"column":23}},{"start":{"line":77,"column":27},"end":{"line":77,"column":45}}],"line":77},"3":{"loc":{"start":{"line":81,"column":17},"end":{"line":81,"column":65}},"type":"cond-expr","locations":[{"start":{"line":81,"column":46},"end":{"line":81,"column":53}},{"start":{"line":81,"column":56},"end":{"line":81,"column":65}}],"line":81}},"s":{"0":1,"1":1,"2":1,"3":1,"4":1,"5":1,"6":2,"7":2,"8":0,"9":0,"10":0,"11":0,"12":0,"13":0,"14":0},"f":{"0":2},"b":{"0":[2,0],"1":[0,0],"2":[0,0],"3":[0,0]},"inputSourceMap":null,"_coverageSchema":"1a1c01bbd47fc00a2c39e90264f33305004495a9","hash":"c627d66ed69d701533509aa6c64e7111bd39fd09"}
,"/Users/heshama/Desktop/Code/surveyjs-react-client-main/backend/routes/chat.js": {"path":"/Users/heshama/Desktop/Code/surveyjs-react-client-main/backend/routes/chat.js","statementMap":{"0":{"start":{"line":15,"column":15},"end":{"line":15,"column":23}},"1":{"start":{"line":16,"column":0},"end":{"line":16,"column":23}},"2":{"start":{"line":18,"column":0},"end":{"line":22,"column":3}},"3":{"start":{"line":19,"column":19},"end":{"line":19,"column":38}},"4":{"start":{"line":20,"column":33},"end":{"line":20,"column":65}},"5":{"start":{"line":21,"column":4},"end":{"line":21,"column":34}},"6":{"start":{"line":24,"column":0},"end":{"line":44,"column":3}},"7":{"start":{"line":25,"column":19},"end":{"line":25,"column":38}},"8":{"start":{"line":26,"column":33},"end":{"line":26,"column":65}},"9":{"start":{"line":28,"column":4},"end":{"line":33,"column":5}},"10":{"start":{"line":29,"column":31},"end":{"line":29,"column":69}},"11":{"start":{"line":30,"column":8},"end":{"line":32,"column":9}},"12":{"start":{"line":31,"column":12},"end":{"line":31,"column":125}},"13":{"start":{"line":35,"column":19},"end":{"line":35,"column":56}},"14":{"start":{"line":36,"column":4},"end":{"line":43,"column":6}},"15":{"start":{"line":46,"column":0},"end":{"line":64,"column":3}},"16":{"start":{"line":47,"column":19},"end":{"line":47,"column":38}},"17":{"start":{"line":48,"column":24},"end":{"line":48,"column":32}},"18":{"start":{"line":50,"column":4},"end":{"line":52,"column":5}},"19":{"start":{"line":51,"column":8},"end":{"line":51,"column":69}},"20":{"start":{"line":53,"column":4},"end":{"line":55,"column":5}},"21":{"start":{"line":54,"column":8},"end":{"line":54,"column":88}},"22":{"start":{"line":57,"column":19},"end":{"line":57,"column":60}},"23":{"start":{"line":58,"column":4},"end":{"line":63,"column":6}},"24":{"start":{"line":66,"column":0},"end":{"line":82,"column":3}},"25":{"start":{"line":67,"column":19},"end":{"line":67,"column":38}},"26":{"start":{"line":68,"column":46},"end":{"line":68,"column":55}},"27":{"start":{"line":70,"column":4},"end":{"line":70,"column":83}},"28":{"start":{"line":70,"column":20},"end":{"line":70,"column":83}},"29":{"start":{"line":73,"column":35},"end":{"line":76,"column":5}},"30":{"start":{"line":77,"column":4},"end":{"line":77,"column":86}},"31":{"start":{"line":77,"column":35},"end":{"line":77,"column":86}},"32":{"start":{"line":79,"column":24},"end":{"line":79,"column":59}},"33":{"start":{"line":80,"column":21},"end":{"line":80,"column":84}},"34":{"start":{"line":81,"column":4},"end":{"line":81,"column":68}},"35":{"start":{"line":84,"column":0},"end":{"line":88,"column":3}},"36":{"start":{"line":85,"column":19},"end":{"line":85,"column":38}},"37":{"start":{"line":86,"column":21},"end":{"line":86,"column":50}},"38":{"start":{"line":87,"column":4},"end":{"line":87,"column":26}},"39":{"start":{"line":90,"column":0},"end":{"line":98,"column":3}},"40":{"start":{"line":91,"column":19},"end":{"line":91,"column":38}},"41":{"start":{"line":92,"column":19},"end":{"line":92,"column":45}},"42":{"start":{"line":94,"column":4},"end":{"line":94,"column":79}},"43":{"start":{"line":94,"column":25},"end":{"line":94,"column":79}},"44":{"start":{"line":96,"column":21},"end":{"line":96,"column":58}},"45":{"start":{"line":97,"column":4},"end":{"line":97,"column":92}}},"fnMap":{"0":{"name":"(anonymous_0)","decl":{"start":{"line":18,"column":34},"end":{"line":18,"column":35}},"loc":{"start":{"line":18,"column":54},"end":{"line":22,"column":1}},"line":18},"1":{"name":"(anonymous_1)","decl":{"start":{"line":24,"column":34},"end":{"line":24,"column":35}},"loc":{"start":{"line":24,"column":54},"end":{"line":44,"column":1}},"line":24},"2":{"name":"(anonymous_2)","decl":{"start":{"line":46,"column":35},"end":{"line":46,"column":36}},"loc":{"start":{"line":46,"column":55},"end":{"line":64,"column":1}},"line":46},"3":{"name":"(anonymous_3)","decl":{"start":{"line":66,"column":34},"end":{"line":66,"column":35}},"loc":{"start":{"line":66,"column":54},"end":{"line":82,"column":1}},"line":66},"4":{"name":"(anonymous_4)","decl":{"start":{"line":84,"column":35},"end":{"line":84,"column":36}},"loc":{"start":{"line":84,"column":55},"end":{"line":88,"column":1}},"line":84},"5":{"name":"(anonymous_5)","decl":{"start":{"line":90,"column":33},"end":{"line":90,"column":34}},"loc":{"start":{"line":90,"column":53},"end":{"line":98,"column":1}},"line":90}},"branchMap":{"0":{"loc":{"start":{"line":28,"column":4},"end":{"line":33,"column":5}},"type":"if","locations":[{"start":{"line":28,"column":4},"end":{"line":33,"column":5}},{"start":{},"end":{}}],"line":28},"1":{"loc":{"start":{"line":30,"column":8},"end":{"line":32,"column":9}},"type":"if","locations":[{"start":{"line":30,"column":8},"end":{"line":32,"column":9}},{"start":{},"end":{}}],"line":30},"2":{"loc":{"start":{"line":50,"column":4},"end":{"line":52,"column":5}},"type":"if","locations":[{"start":{"line":50,"column":4},"end":{"line":52,"column":5}},{"start":{},"end":{}}],"line":50},"3":{"loc":{"start":{"line":50,"column":8},"end":{"line":50,"column":78}},"type":"binary-expr","locations":[{"start":{"line":50,"column":8},"end":{"line":50,"column":16}},{"start":{"line":50,"column":20},"end":{"line":50,"column":47}},{"start":{"line":50,"column":51},"end":{"line":50,"column":78}}],"line":50},"4":{"loc":{"start":{"line":53,"column":4},"end":{"line":55,"column":5}},"type":"if","locations":[{"start":{"line":53,"column":4},"end":{"line":55,"column":5}},{"start":{},"end":{}}],"line":53},"5":{"loc":{"start":{"line":68,"column":23},"end":{"line":68,"column":33}},"type":"default-arg","locations":[{"start":{"line":68,"column":31},"end":{"line":68,"column":33}}],"line":68},"6":{"loc":{"start":{"line":70,"column":4},"end":{"line":70,"column":83}},"type":"if","locations":[{"start":{"line":70,"column":4},"end":{"line":70,"column":83}},{"start":{},"end":{}}],"line":70},"7":{"loc":{"start":{"line":77,"column":4},"end":{"line":77,"column":86}},"type":"if","locations":[{"start":{"line":77,"column":4},"end":{"line":77,"column":86}},{"start":{},"end":{}}],"line":77},"8":{"loc":{"start":{"line":79,"column":33},"end":{"line":79,"column":54}},"type":"binary-expr","locations":[{"start":{"line":79,"column":33},"end":{"line":79,"column":48}},{"start":{"line":79,"column":52},"end":{"line":79,"column":54}}],"line":79},"9":{"loc":{"start":{"line":80,"column":69},"end":{"line":80,"column":83}},"type":"binary-expr","locations":[{"start":{"line":80,"column":69},"end":{"line":80,"column":75}},{"start":{"line":80,"column":79},"end":{"line":80,"column":83}}],"line":80},"10":{"loc":{"start":{"line":94,"column":4},"end":{"line":94,"column":79}},"type":"if","locations":[{"start":{"line":94,"column":4},"end":{"line":94,"column":79}},{"start":{},"end":{}}],"line":94}},"s":{"0":1,"1":1,"2":1,"3":0,"4":0,"5":0,"6":1,"7":2,"8":2,"9":2,"10":1,"11":1,"12":1,"13":1,"14":1,"15":1,"16":6,"17":6,"18":6,"19":3,"20":3,"21":1,"22":2,"23":1,"24":1,"25":3,"26":3,"27":3,"28":1,"29":2,"30":2,"31":1,"32":1,"33":1,"34":1,"35":1,"36":0,"37":0,"38":0,"39":1,"40":1,"41":1,"42":1,"43":0,"44":1,"45":1},"f":{"0":0,"1":2,"2":6,"3":3,"4":0,"5":1},"b":{"0":[1,1],"1":[1,0],"2":[3,3],"3":[6,4,4],"4":[1,2],"5":[3],"6":[1,2],"7":[1,1],"8":[1,0],"9":[1,1],"10":[0,1]},"inputSourceMap":null,"_coverageSchema":"1a1c01bbd47fc00a2c39e90264f33305004495a9","hash":"2f7a0c29dc8334ffcf2cf1352696ad6eb8d4b62b"}
,"/Users/heshama/Desktop/Code/surveyjs-react-client-main/backend/routes/index.js": {"path":"/Users/heshama/Desktop/Code/surveyjs-react-client-main/backend/routes/index.js","statementMap":{"0":{"start":{"line":17,"column":15},"end":{"line":17,"column":23}},"1":{"start":{"line":20,"column":0},"end":{"line":20,"column":31}},"2":{"start":{"line":23,"column":0},"end":{"line":23,"column":30}},"3":{"start":{"line":24,"column":0},"end":{"line":24,"column":24}},"4":{"start":{"line":26,"column":0},"end":{"line":26,"column":29}},"5":{"start":{"line":27,"column":0},"end":{"line":27,"column":29}},"6":{"start":{"line":30,"column":0},"end":{"line":30,"column":44}},"7":{"start":{"line":31,"column":0},"end":{"line":31,"column":37}},"8":{"start":{"line":32,"column":0},"end":{"line":32,"column":33}},"9":{"start":{"line":33,"column":0},"end":{"line":33,"column":31}},"10":{"start":{"line":34,"column":0},"end":{"line":34,"column":35}},"11":{"start":{"line":35,"column":0},"end":{"line":35,"column":33}},"12":{"start":{"line":36,"column":0},"end":{"line":36,"column":44}},"13":{"start":{"line":37,"column":0},"end":{"line":37,"column":29}}},"fnMap":{},"branchMap":{},"s":{"0":0,"1":0,"2":0,"3":0,"4":0,"5":0,"6":0,"7":0,"8":0,"9":0,"10":0,"11":0,"12":0,"13":0},"f":{},"b":{},"inputSourceMap":null}
,"/Users/heshama/Desktop/Code/surveyjs-react-client-main/backend/routes/lms.js": {"path":"/Users/heshama/Desktop/Code/surveyjs-react-client-main/backend/routes/lms.js","statementMap":{"0":{"start":{"line":11,"column":15},"end":{"line":11,"column":23}},"1":{"start":{"line":12,"column":0},"end":{"line":12,"column":24}},"2":{"start":{"line":20,"column":17},"end":{"line":20,"column":26}},"3":{"start":{"line":23,"column":18},"end":{"line":23,"column":27}},"4":{"start":{"line":24,"column":16},"end":{"line":24,"column":35}},"5":{"start":{"line":25,"column":4},"end":{"line":25,"column":26}},"6":{"start":{"line":27,"column":20},"end":{"line":27,"column":22}},"7":{"start":{"line":28,"column":17},"end":{"line":28,"column":18}},"8":{"start":{"line":30,"column":4},"end":{"line":49,"column":5}},"9":{"start":{"line":32,"column":12},"end":{"line":47,"column":14}},"10":{"start":{"line":33,"column":16},"end":{"line":45,"column":17}},"11":{"start":{"line":34,"column":35},"end":{"line":34,"column":86}},"12":{"start":{"line":35,"column":20},"end":{"line":41,"column":21}},"13":{"start":{"line":36,"column":24},"end":{"line":36,"column":82}},"14":{"start":{"line":37,"column":24},"end":{"line":37,"column":99}},"15":{"start":{"line":39,"column":24},"end":{"line":39,"column":32}},"16":{"start":{"line":40,"column":24},"end":{"line":40,"column":103}},"17":{"start":{"line":43,"column":20},"end":{"line":43,"column":95}},"18":{"start":{"line":44,"column":20},"end":{"line":44,"column":76}},"19":{"start":{"line":46,"column":16},"end":{"line":46,"column":54}},"20":{"start":{"line":51,"column":4},"end":{"line":51,"column":27}},"21":{"start":{"line":52,"column":4},"end":{"line":52,"column":23}},"22":{"start":{"line":53,"column":4},"end":{"line":53,"column":25}},"23":{"start":{"line":54,"column":4},"end":{"line":54,"column":46}},"24":{"start":{"line":55,"column":4},"end":{"line":55,"column":93}},"25":{"start":{"line":62,"column":0},"end":{"line":76,"column":3}},"26":{"start":{"line":63,"column":29},"end":{"line":63,"column":88}},"27":{"start":{"line":65,"column":4},"end":{"line":67,"column":5}},"28":{"start":{"line":66,"column":8},"end":{"line":66,"column":86}},"29":{"start":{"line":69,"column":4},"end":{"line":75,"column":5}},"30":{"start":{"line":70,"column":39},"end":{"line":70,"column":63}},"31":{"start":{"line":71,"column":8},"end":{"line":71,"column":81}},"32":{"start":{"line":73,"column":8},"end":{"line":73,"column":69}},"33":{"start":{"line":74,"column":8},"end":{"line":74,"column":98}},"34":{"start":{"line":82,"column":0},"end":{"line":104,"column":3}},"35":{"start":{"line":83,"column":21},"end":{"line":95,"column":6}},"36":{"start":{"line":97,"column":4},"end":{"line":103,"column":8}},"37":{"start":{"line":97,"column":28},"end":{"line":103,"column":5}},"38":{"start":{"line":115,"column":0},"end":{"line":147,"column":3}},"39":{"start":{"line":116,"column":28},"end":{"line":118,"column":5}},"40":{"start":{"line":120,"column":18},"end":{"line":120,"column":30}},"41":{"start":{"line":121,"column":4},"end":{"line":130,"column":6}},"42":{"start":{"line":133,"column":4},"end":{"line":143,"column":6}},"43":{"start":{"line":134,"column":8},"end":{"line":142,"column":10}},"44":{"start":{"line":135,"column":24},"end":{"line":135,"column":43}},"45":{"start":{"line":136,"column":12},"end":{"line":140,"column":13}},"46":{"start":{"line":137,"column":16},"end":{"line":137,"column":37}},"47":{"start":{"line":138,"column":16},"end":{"line":138,"column":40}},"48":{"start":{"line":139,"column":16},"end":{"line":139,"column":58}},"49":{"start":{"line":141,"column":12},"end":{"line":141,"column":82}},"50":{"start":{"line":145,"column":4},"end":{"line":145,"column":74}},"51":{"start":{"line":146,"column":4},"end":{"line":146,"column":75}},"52":{"start":{"line":153,"column":0},"end":{"line":157,"column":3}},"53":{"start":{"line":154,"column":16},"end":{"line":154,"column":46}},"54":{"start":{"line":155,"column":4},"end":{"line":155,"column":48}},"55":{"start":{"line":155,"column":14},"end":{"line":155,"column":48}},"56":{"start":{"line":156,"column":4},"end":{"line":156,"column":49}},"57":{"start":{"line":163,"column":0},"end":{"line":174,"column":3}},"58":{"start":{"line":164,"column":23},"end":{"line":164,"column":33}},"59":{"start":{"line":166,"column":21},"end":{"line":169,"column":5}},"60":{"start":{"line":170,"column":4},"end":{"line":170,"column":57}},"61":{"start":{"line":170,"column":27},"end":{"line":170,"column":57}},"62":{"start":{"line":172,"column":19},"end":{"line":172,"column":76}},"63":{"start":{"line":173,"column":4},"end":{"line":173,"column":20}}},"fnMap":{"0":{"name":"runSyncJob","decl":{"start":{"line":22,"column":15},"end":{"line":22,"column":25}},"loc":{"start":{"line":22,"column":40},"end":{"line":56,"column":1}},"line":22},"1":{"name":"(anonymous_1)","decl":{"start":{"line":31,"column":18},"end":{"line":31,"column":19}},"loc":{"start":{"line":32,"column":12},"end":{"line":47,"column":14}},"line":32},"2":{"name":"(anonymous_2)","decl":{"start":{"line":32,"column":18},"end":{"line":32,"column":19}},"loc":{"start":{"line":32,"column":30},"end":{"line":47,"column":13}},"line":32},"3":{"name":"(anonymous_3)","decl":{"start":{"line":62,"column":50},"end":{"line":62,"column":51}},"loc":{"start":{"line":62,"column":70},"end":{"line":76,"column":1}},"line":62},"4":{"name":"(anonymous_4)","decl":{"start":{"line":82,"column":44},"end":{"line":82,"column":45}},"loc":{"start":{"line":82,"column":64},"end":{"line":104,"column":1}},"line":82},"5":{"name":"(anonymous_5)","decl":{"start":{"line":97,"column":22},"end":{"line":97,"column":23}},"loc":{"start":{"line":97,"column":28},"end":{"line":103,"column":5}},"line":97},"6":{"name":"(anonymous_6)","decl":{"start":{"line":115,"column":42},"end":{"line":115,"column":43}},"loc":{"start":{"line":115,"column":62},"end":{"line":147,"column":1}},"line":115},"7":{"name":"(anonymous_7)","decl":{"start":{"line":133,"column":17},"end":{"line":133,"column":18}},"loc":{"start":{"line":133,"column":23},"end":{"line":143,"column":5}},"line":133},"8":{"name":"(anonymous_8)","decl":{"start":{"line":134,"column":39},"end":{"line":134,"column":40}},"loc":{"start":{"line":134,"column":46},"end":{"line":142,"column":9}},"line":134},"9":{"name":"(anonymous_9)","decl":{"start":{"line":153,"column":55},"end":{"line":153,"column":56}},"loc":{"start":{"line":153,"column":75},"end":{"line":157,"column":1}},"line":153},"10":{"name":"(anonymous_10)","decl":{"start":{"line":163,"column":46},"end":{"line":163,"column":47}},"loc":{"start":{"line":163,"column":66},"end":{"line":174,"column":1}},"line":163}},"branchMap":{"0":{"loc":{"start":{"line":35,"column":20},"end":{"line":41,"column":21}},"type":"if","locations":[{"start":{"line":35,"column":20},"end":{"line":41,"column":21}},{"start":{"line":38,"column":27},"end":{"line":41,"column":21}}],"line":35},"1":{"loc":{"start":{"line":63,"column":32},"end":{"line":63,"column":87}},"type":"binary-expr","locations":[{"start":{"line":63,"column":32},"end":{"line":63,"column":59}},{"start":{"line":63,"column":63},"end":{"line":63,"column":87}}],"line":63},"2":{"loc":{"start":{"line":65,"column":4},"end":{"line":67,"column":5}},"type":"if","locations":[{"start":{"line":65,"column":4},"end":{"line":67,"column":5}},{"start":{},"end":{}}],"line":65},"3":{"loc":{"start":{"line":101,"column":32},"end":{"line":101,"column":49}},"type":"binary-expr","locations":[{"start":{"line":101,"column":32},"end":{"line":101,"column":44}},{"start":{"line":101,"column":48},"end":{"line":101,"column":49}}],"line":101},"4":{"loc":{"start":{"line":102,"column":23},"end":{"line":102,"column":42}},"type":"binary-expr","locations":[{"start":{"line":102,"column":23},"end":{"line":102,"column":34}},{"start":{"line":102,"column":38},"end":{"line":102,"column":42}}],"line":102},"5":{"loc":{"start":{"line":136,"column":12},"end":{"line":140,"column":13}},"type":"if","locations":[{"start":{"line":136,"column":12},"end":{"line":140,"column":13}},{"start":{},"end":{}}],"line":136},"6":{"loc":{"start":{"line":155,"column":4},"end":{"line":155,"column":48}},"type":"if","locations":[{"start":{"line":155,"column":4},"end":{"line":155,"column":48}},{"start":{},"end":{}}],"line":155},"7":{"loc":{"start":{"line":170,"column":4},"end":{"line":170,"column":57}},"type":"if","locations":[{"start":{"line":170,"column":4},"end":{"line":170,"column":57}},{"start":{},"end":{}}],"line":170}},"s":{"0":1,"1":1,"2":1,"3":2,"4":2,"5":2,"6":2,"7":2,"8":2,"9":3,"10":3,"11":3,"12":3,"13":0,"14":0,"15":0,"16":0,"17":3,"18":3,"19":3,"20":2,"21":2,"22":2,"23":2,"24":2,"25":1,"26":3,"27":3,"28":1,"29":2,"30":2,"31":1,"32":1,"33":1,"34":1,"35":1,"36":1,"37":2,"38":1,"39":2,"40":2,"41":2,"42":2,"43":2,"44":0,"45":0,"46":0,"47":0,"48":0,"49":0,"50":2,"51":2,"52":1,"53":2,"54":2,"55":1,"56":1,"57":1,"58":2,"59":2,"60":2,"61":1,"62":1,"63":1},"f":{"0":2,"1":3,"2":3,"3":3,"4":1,"5":2,"6":2,"7":2,"8":0,"9":2,"10":2},"b":{"0":[0,0],"1":[3,2],"2":[1,2],"3":[2,0],"4":[2,1],"5":[0,0],"6":[1,1],"7":[1,1]},"inputSourceMap":null,"_coverageSchema":"1a1c01bbd47fc00a2c39e90264f33305004495a9","hash":"0bb978bf63de9f12803dbe62439a8da202f0b8d4"}
,"/Users/heshama/Desktop/Code/surveyjs-react-client-main/backend/routes/mood.js": {"path":"/Users/heshama/Desktop/Code/surveyjs-react-client-main/backend/routes/mood.js","statementMap":{"0":{"start":{"line":7,"column":15},"end":{"line":7,"column":23}},"1":{"start":{"line":8,"column":0},"end":{"line":8,"column":23}},"2":{"start":{"line":12,"column":23},"end":{"line":12,"column":25}},"3":{"start":{"line":13,"column":4},"end":{"line":21,"column":5}},"4":{"start":{"line":14,"column":8},"end":{"line":20,"column":9}},"5":{"start":{"line":15,"column":12},"end":{"line":19,"column":13}},"6":{"start":{"line":16,"column":16},"end":{"line":18,"column":17}},"7":{"start":{"line":17,"column":20},"end":{"line":17,"column":81}},"8":{"start":{"line":22,"column":4},"end":{"line":22,"column":21}},"9":{"start":{"line":26,"column":0},"end":{"line":82,"column":3}},"10":{"start":{"line":27,"column":19},"end":{"line":27,"column":38}},"11":{"start":{"line":28,"column":33},"end":{"line":28,"column":42}},"12":{"start":{"line":30,"column":26},"end":{"line":30,"column":53}},"13":{"start":{"line":31,"column":4},"end":{"line":33,"column":5}},"14":{"start":{"line":32,"column":8},"end":{"line":32,"column":64}},"15":{"start":{"line":35,"column":4},"end":{"line":35,"column":78}},"16":{"start":{"line":35,"column":19},"end":{"line":35,"column":78}},"17":{"start":{"line":37,"column":25},"end":{"line":37,"column":102}},"18":{"start":{"line":38,"column":4},"end":{"line":38,"column":89}},"19":{"start":{"line":38,"column":31},"end":{"line":38,"column":89}},"20":{"start":{"line":40,"column":23},"end":{"line":40,"column":67}},"21":{"start":{"line":42,"column":21},"end":{"line":42,"column":23}},"22":{"start":{"line":43,"column":4},"end":{"line":43,"column":79}},"23":{"start":{"line":43,"column":29},"end":{"line":43,"column":79}},"24":{"start":{"line":44,"column":4},"end":{"line":44,"column":87}},"25":{"start":{"line":44,"column":29},"end":{"line":44,"column":87}},"26":{"start":{"line":46,"column":21},"end":{"line":50,"column":5}},"27":{"start":{"line":51,"column":20},"end":{"line":54,"column":7}},"28":{"start":{"line":51,"column":35},"end":{"line":54,"column":5}},"29":{"start":{"line":56,"column":4},"end":{"line":63,"column":5}},"30":{"start":{"line":57,"column":8},"end":{"line":62,"column":10}},"31":{"start":{"line":59,"column":45},"end":{"line":59,"column":100}},"32":{"start":{"line":65,"column":27},"end":{"line":79,"column":6}},"33":{"start":{"line":66,"column":23},"end":{"line":69,"column":24}},"34":{"start":{"line":67,"column":22},"end":{"line":67,"column":44}},"35":{"start":{"line":68,"column":25},"end":{"line":68,"column":55}},"36":{"start":{"line":70,"column":8},"end":{"line":70,"column":103}},"37":{"start":{"line":70,"column":33},"end":{"line":70,"column":103}},"38":{"start":{"line":71,"column":20},"end":{"line":71,"column":53}},"39":{"start":{"line":71,"column":44},"end":{"line":71,"column":49}},"40":{"start":{"line":72,"column":8},"end":{"line":78,"column":9}},"41":{"start":{"line":81,"column":4},"end":{"line":81,"column":99}},"42":{"start":{"line":85,"column":0},"end":{"line":177,"column":3}},"43":{"start":{"line":86,"column":19},"end":{"line":86,"column":38}},"44":{"start":{"line":87,"column":33},"end":{"line":87,"column":42}},"45":{"start":{"line":89,"column":26},"end":{"line":89,"column":53}},"46":{"start":{"line":90,"column":4},"end":{"line":92,"column":5}},"47":{"start":{"line":91,"column":8},"end":{"line":91,"column":64}},"48":{"start":{"line":94,"column":4},"end":{"line":94,"column":78}},"49":{"start":{"line":94,"column":19},"end":{"line":94,"column":78}},"50":{"start":{"line":96,"column":25},"end":{"line":96,"column":102}},"51":{"start":{"line":97,"column":4},"end":{"line":97,"column":89}},"52":{"start":{"line":97,"column":31},"end":{"line":97,"column":89}},"53":{"start":{"line":99,"column":23},"end":{"line":99,"column":67}},"54":{"start":{"line":101,"column":21},"end":{"line":101,"column":23}},"55":{"start":{"line":102,"column":4},"end":{"line":102,"column":78}},"56":{"start":{"line":102,"column":28},"end":{"line":102,"column":78}},"57":{"start":{"line":103,"column":4},"end":{"line":103,"column":86}},"58":{"start":{"line":103,"column":28},"end":{"line":103,"column":86}},"59":{"start":{"line":105,"column":21},"end":{"line":109,"column":5}},"60":{"start":{"line":111,"column":20},"end":{"line":121,"column":6}},"61":{"start":{"line":112,"column":21},"end":{"line":112,"column":86}},"62":{"start":{"line":113,"column":21},"end":{"line":113,"column":43}},"63":{"start":{"line":114,"column":8},"end":{"line":120,"column":9}},"64":{"start":{"line":123,"column":20},"end":{"line":123,"column":22}},"65":{"start":{"line":124,"column":25},"end":{"line":124,"column":58}},"66":{"start":{"line":124,"column":50},"end":{"line":124,"column":56}},"67":{"start":{"line":126,"column":4},"end":{"line":168,"column":5}},"68":{"start":{"line":127,"column":8},"end":{"line":134,"column":10}},"69":{"start":{"line":128,"column":26},"end":{"line":128,"column":66}},"70":{"start":{"line":129,"column":12},"end":{"line":132,"column":14}},"71":{"start":{"line":130,"column":26},"end":{"line":130,"column":40}},"72":{"start":{"line":131,"column":16},"end":{"line":131,"column":83}},"73":{"start":{"line":133,"column":12},"end":{"line":133,"column":24}},"74":{"start":{"line":135,"column":11},"end":{"line":168,"column":5}},"75":{"start":{"line":136,"column":8},"end":{"line":145,"column":10}},"76":{"start":{"line":137,"column":23},"end":{"line":137,"column":44}},"77":{"start":{"line":138,"column":26},"end":{"line":138,"column":107}},"78":{"start":{"line":139,"column":26},"end":{"line":139,"column":97}},"79":{"start":{"line":140,"column":12},"end":{"line":143,"column":14}},"80":{"start":{"line":141,"column":26},"end":{"line":141,"column":40}},"81":{"start":{"line":142,"column":16},"end":{"line":142,"column":83}},"82":{"start":{"line":144,"column":12},"end":{"line":144,"column":24}},"83":{"start":{"line":147,"column":26},"end":{"line":147,"column":28}},"84":{"start":{"line":148,"column":8},"end":{"line":157,"column":9}},"85":{"start":{"line":149,"column":12},"end":{"line":152,"column":13}},"86":{"start":{"line":150,"column":16},"end":{"line":150,"column":38}},"87":{"start":{"line":151,"column":16},"end":{"line":151,"column":75}},"88":{"start":{"line":151,"column":42},"end":{"line":151,"column":72}},"89":{"start":{"line":153,"column":12},"end":{"line":156,"column":14}},"90":{"start":{"line":154,"column":26},"end":{"line":154,"column":40}},"91":{"start":{"line":155,"column":16},"end":{"line":155,"column":93}},"92":{"start":{"line":155,"column":52},"end":{"line":155,"column":93}},"93":{"start":{"line":158,"column":8},"end":{"line":167,"column":10}},"94":{"start":{"line":159,"column":28},"end":{"line":159,"column":36}},"95":{"start":{"line":160,"column":12},"end":{"line":165,"column":14}},"96":{"start":{"line":161,"column":31},"end":{"line":161,"column":54}},"97":{"start":{"line":162,"column":16},"end":{"line":164,"column":26}},"98":{"start":{"line":163,"column":58},"end":{"line":163,"column":63}},"99":{"start":{"line":166,"column":12},"end":{"line":166,"column":26}},"100":{"start":{"line":170,"column":4},"end":{"line":176,"column":6}},"101":{"start":{"line":171,"column":41},"end":{"line":171,"column":73}}},"fnMap":{"0":{"name":"extractConstructs","decl":{"start":{"line":11,"column":9},"end":{"line":11,"column":26}},"loc":{"start":{"line":11,"column":39},"end":{"line":23,"column":1}},"line":11},"1":{"name":"(anonymous_1)","decl":{"start":{"line":26,"column":27},"end":{"line":26,"column":28}},"loc":{"start":{"line":26,"column":47},"end":{"line":82,"column":1}},"line":26},"2":{"name":"(anonymous_2)","decl":{"start":{"line":51,"column":29},"end":{"line":51,"column":30}},"loc":{"start":{"line":51,"column":35},"end":{"line":54,"column":5}},"line":51},"3":{"name":"(anonymous_3)","decl":{"start":{"line":59,"column":39},"end":{"line":59,"column":40}},"loc":{"start":{"line":59,"column":45},"end":{"line":59,"column":100}},"line":59},"4":{"name":"(anonymous_4)","decl":{"start":{"line":65,"column":42},"end":{"line":65,"column":43}},"loc":{"start":{"line":65,"column":55},"end":{"line":79,"column":5}},"line":65},"5":{"name":"(anonymous_5)","decl":{"start":{"line":67,"column":17},"end":{"line":67,"column":18}},"loc":{"start":{"line":67,"column":22},"end":{"line":67,"column":44}},"line":67},"6":{"name":"(anonymous_6)","decl":{"start":{"line":68,"column":20},"end":{"line":68,"column":21}},"loc":{"start":{"line":68,"column":25},"end":{"line":68,"column":55}},"line":68},"7":{"name":"(anonymous_7)","decl":{"start":{"line":71,"column":34},"end":{"line":71,"column":35}},"loc":{"start":{"line":71,"column":44},"end":{"line":71,"column":49}},"line":71},"8":{"name":"(anonymous_8)","decl":{"start":{"line":85,"column":34},"end":{"line":85,"column":35}},"loc":{"start":{"line":85,"column":54},"end":{"line":177,"column":1}},"line":85},"9":{"name":"(anonymous_9)","decl":{"start":{"line":111,"column":29},"end":{"line":111,"column":30}},"loc":{"start":{"line":111,"column":34},"end":{"line":121,"column":5}},"line":111},"10":{"name":"(anonymous_10)","decl":{"start":{"line":124,"column":45},"end":{"line":124,"column":46}},"loc":{"start":{"line":124,"column":50},"end":{"line":124,"column":56}},"line":124},"11":{"name":"(anonymous_11)","decl":{"start":{"line":127,"column":32},"end":{"line":127,"column":33}},"loc":{"start":{"line":127,"column":37},"end":{"line":134,"column":9}},"line":127},"12":{"name":"(anonymous_12)","decl":{"start":{"line":129,"column":31},"end":{"line":129,"column":32}},"loc":{"start":{"line":129,"column":36},"end":{"line":132,"column":13}},"line":129},"13":{"name":"(anonymous_13)","decl":{"start":{"line":136,"column":32},"end":{"line":136,"column":33}},"loc":{"start":{"line":136,"column":37},"end":{"line":145,"column":9}},"line":136},"14":{"name":"(anonymous_14)","decl":{"start":{"line":140,"column":31},"end":{"line":140,"column":32}},"loc":{"start":{"line":140,"column":36},"end":{"line":143,"column":13}},"line":140},"15":{"name":"(anonymous_15)","decl":{"start":{"line":151,"column":35},"end":{"line":151,"column":36}},"loc":{"start":{"line":151,"column":40},"end":{"line":151,"column":74}},"line":151},"16":{"name":"(anonymous_16)","decl":{"start":{"line":153,"column":31},"end":{"line":153,"column":32}},"loc":{"start":{"line":153,"column":36},"end":{"line":156,"column":13}},"line":153},"17":{"name":"(anonymous_17)","decl":{"start":{"line":158,"column":54},"end":{"line":158,"column":55}},"loc":{"start":{"line":158,"column":62},"end":{"line":167,"column":9}},"line":158},"18":{"name":"(anonymous_18)","decl":{"start":{"line":160,"column":31},"end":{"line":160,"column":32}},"loc":{"start":{"line":160,"column":36},"end":{"line":165,"column":13}},"line":160},"19":{"name":"(anonymous_19)","decl":{"start":{"line":163,"column":48},"end":{"line":163,"column":49}},"loc":{"start":{"line":163,"column":58},"end":{"line":163,"column":63}},"line":163},"20":{"name":"(anonymous_20)","decl":{"start":{"line":171,"column":35},"end":{"line":171,"column":36}},"loc":{"start":{"line":171,"column":41},"end":{"line":171,"column":73}},"line":171}},"branchMap":{"0":{"loc":{"start":{"line":13,"column":4},"end":{"line":21,"column":5}},"type":"if","locations":[{"start":{"line":13,"column":4},"end":{"line":21,"column":5}},{"start":{},"end":{}}],"line":13},"1":{"loc":{"start":{"line":15,"column":34},"end":{"line":15,"column":53}},"type":"binary-expr","locations":[{"start":{"line":15,"column":34},"end":{"line":15,"column":47}},{"start":{"line":15,"column":51},"end":{"line":15,"column":53}}],"line":15},"2":{"loc":{"start":{"line":16,"column":16},"end":{"line":18,"column":17}},"type":"if","locations":[{"start":{"line":16,"column":16},"end":{"line":18,"column":17}},{"start":{},"end":{}}],"line":16},"3":{"loc":{"start":{"line":16,"column":20},"end":{"line":16,"column":61}},"type":"binary-expr","locations":[{"start":{"line":16,"column":20},"end":{"line":16,"column":32}},{"start":{"line":16,"column":36},"end":{"line":16,"column":61}}],"line":16},"4":{"loc":{"start":{"line":31,"column":4},"end":{"line":33,"column":5}},"type":"if","locations":[{"start":{"line":31,"column":4},"end":{"line":33,"column":5}},{"start":{},"end":{}}],"line":31},"5":{"loc":{"start":{"line":31,"column":8},"end":{"line":31,"column":44}},"type":"binary-expr","locations":[{"start":{"line":31,"column":8},"end":{"line":31,"column":14}},{"start":{"line":31,"column":18},"end":{"line":31,"column":44}}],"line":31},"6":{"loc":{"start":{"line":35,"column":4},"end":{"line":35,"column":78}},"type":"if","locations":[{"start":{"line":35,"column":4},"end":{"line":35,"column":78}},{"start":{},"end":{}}],"line":35},"7":{"loc":{"start":{"line":38,"column":4},"end":{"line":38,"column":89}},"type":"if","locations":[{"start":{"line":38,"column":4},"end":{"line":38,"column":89}},{"start":{},"end":{}}],"line":38},"8":{"loc":{"start":{"line":43,"column":4},"end":{"line":43,"column":79}},"type":"if","locations":[{"start":{"line":43,"column":4},"end":{"line":43,"column":79}},{"start":{},"end":{}}],"line":43},"9":{"loc":{"start":{"line":44,"column":4},"end":{"line":44,"column":87}},"type":"if","locations":[{"start":{"line":44,"column":4},"end":{"line":44,"column":87}},{"start":{},"end":{}}],"line":44},"10":{"loc":{"start":{"line":53,"column":14},"end":{"line":53,"column":79}},"type":"cond-expr","locations":[{"start":{"line":53,"column":46},"end":{"line":53,"column":67}},{"start":{"line":53,"column":70},"end":{"line":53,"column":79}}],"line":53},"11":{"loc":{"start":{"line":56,"column":4},"end":{"line":63,"column":5}},"type":"if","locations":[{"start":{"line":56,"column":4},"end":{"line":63,"column":5}},{"start":{},"end":{}}],"line":56},"12":{"loc":{"start":{"line":68,"column":25},"end":{"line":68,"column":55}},"type":"binary-expr","locations":[{"start":{"line":68,"column":25},"end":{"line":68,"column":34}},{"start":{"line":68,"column":38},"end":{"line":68,"column":55}}],"line":68},"13":{"loc":{"start":{"line":70,"column":8},"end":{"line":70,"column":103}},"type":"if","locations":[{"start":{"line":70,"column":8},"end":{"line":70,"column":103}},{"start":{},"end":{}}],"line":70},"14":{"loc":{"start":{"line":90,"column":4},"end":{"line":92,"column":5}},"type":"if","locations":[{"start":{"line":90,"column":4},"end":{"line":92,"column":5}},{"start":{},"end":{}}],"line":90},"15":{"loc":{"start":{"line":90,"column":8},"end":{"line":90,"column":44}},"type":"binary-expr","locations":[{"start":{"line":90,"column":8},"end":{"line":90,"column":14}},{"start":{"line":90,"column":18},"end":{"line":90,"column":44}}],"line":90},"16":{"loc":{"start":{"line":94,"column":4},"end":{"line":94,"column":78}},"type":"if","locations":[{"start":{"line":94,"column":4},"end":{"line":94,"column":78}},{"start":{},"end":{}}],"line":94},"17":{"loc":{"start":{"line":97,"column":4},"end":{"line":97,"column":89}},"type":"if","locations":[{"start":{"line":97,"column":4},"end":{"line":97,"column":89}},{"start":{},"end":{}}],"line":97},"18":{"loc":{"start":{"line":102,"column":4},"end":{"line":102,"column":78}},"type":"if","locations":[{"start":{"line":102,"column":4},"end":{"line":102,"column":78}},{"start":{},"end":{}}],"line":102},"19":{"loc":{"start":{"line":103,"column":4},"end":{"line":103,"column":86}},"type":"if","locations":[{"start":{"line":103,"column":4},"end":{"line":103,"column":86}},{"start":{},"end":{}}],"line":103},"20":{"loc":{"start":{"line":112,"column":21},"end":{"line":112,"column":86}},"type":"cond-expr","locations":[{"start":{"line":112,"column":53},"end":{"line":112,"column":74}},{"start":{"line":112,"column":77},"end":{"line":112,"column":86}}],"line":112},"21":{"loc":{"start":{"line":126,"column":4},"end":{"line":168,"column":5}},"type":"if","locations":[{"start":{"line":126,"column":4},"end":{"line":168,"column":5}},{"start":{"line":135,"column":11},"end":{"line":168,"column":5}}],"line":126},"22":{"loc":{"start":{"line":131,"column":32},"end":{"line":131,"column":83}},"type":"cond-expr","locations":[{"start":{"line":131,"column":67},"end":{"line":131,"column":76}},{"start":{"line":131,"column":79},"end":{"line":131,"column":83}}],"line":131},"23":{"loc":{"start":{"line":131,"column":33},"end":{"line":131,"column":63}},"type":"binary-expr","locations":[{"start":{"line":131,"column":33},"end":{"line":131,"column":42}},{"start":{"line":131,"column":46},"end":{"line":131,"column":63}}],"line":131},"24":{"loc":{"start":{"line":135,"column":11},"end":{"line":168,"column":5}},"type":"if","locations":[{"start":{"line":135,"column":11},"end":{"line":168,"column":5}},{"start":{"line":146,"column":11},"end":{"line":168,"column":5}}],"line":135},"25":{"loc":{"start":{"line":142,"column":32},"end":{"line":142,"column":83}},"type":"cond-expr","locations":[{"start":{"line":142,"column":67},"end":{"line":142,"column":76}},{"start":{"line":142,"column":79},"end":{"line":142,"column":83}}],"line":142},"26":{"loc":{"start":{"line":142,"column":33},"end":{"line":142,"column":63}},"type":"binary-expr","locations":[{"start":{"line":142,"column":33},"end":{"line":142,"column":42}},{"start":{"line":142,"column":46},"end":{"line":142,"column":63}}],"line":142},"27":{"loc":{"start":{"line":149,"column":12},"end":{"line":152,"column":13}},"type":"if","locations":[{"start":{"line":149,"column":12},"end":{"line":152,"column":13}},{"start":{},"end":{}}],"line":149},"28":{"loc":{"start":{"line":155,"column":16},"end":{"line":155,"column":93}},"type":"if","locations":[{"start":{"line":155,"column":16},"end":{"line":155,"column":93}},{"start":{},"end":{}}],"line":155},"29":{"loc":{"start":{"line":155,"column":20},"end":{"line":155,"column":50}},"type":"binary-expr","locations":[{"start":{"line":155,"column":20},"end":{"line":155,"column":29}},{"start":{"line":155,"column":33},"end":{"line":155,"column":50}}],"line":155},"30":{"loc":{"start":{"line":162,"column":34},"end":{"line":164,"column":26}},"type":"cond-expr","locations":[{"start":{"line":163,"column":22},"end":{"line":163,"column":95}},{"start":{"line":164,"column":22},"end":{"line":164,"column":26}}],"line":162},"31":{"loc":{"start":{"line":173,"column":16},"end":{"line":173,"column":31}},"type":"binary-expr","locations":[{"start":{"line":173,"column":16},"end":{"line":173,"column":22}},{"start":{"line":173,"column":26},"end":{"line":173,"column":31}}],"line":173}},"s":{"0":1,"1":1,"2":5,"3":5,"4":5,"5":5,"6":5,"7":5,"8":5,"9":1,"10":5,"11":5,"12":5,"13":5,"14":1,"15":4,"16":1,"17":3,"18":3,"19":1,"20":2,"21":2,"22":2,"23":0,"24":2,"25":0,"26":2,"27":2,"28":2,"29":2,"30":1,"31":1,"32":1,"33":1,"34":2,"35":2,"36":1,"37":0,"38":1,"39":2,"40":1,"41":1,"42":1,"43":6,"44":6,"45":6,"46":6,"47":1,"48":5,"49":1,"50":4,"51":4,"52":1,"53":3,"54":3,"55":3,"56":1,"57":3,"58":1,"59":3,"60":3,"61":4,"62":4,"63":4,"64":3,"65":3,"66":4,"67":3,"68":1,"69":1,"70":1,"71":1,"72":1,"73":1,"74":2,"75":1,"76":1,"77":1,"78":1,"79":1,"80":1,"81":1,"82":1,"83":1,"84":1,"85":2,"86":1,"87":1,"88":1,"89":2,"90":2,"91":2,"92":2,"93":1,"94":1,"95":1,"96":1,"97":1,"98":2,"99":1,"100":3,"101":3},"f":{"0":5,"1":5,"2":2,"3":1,"4":1,"5":2,"6":2,"7":2,"8":6,"9":4,"10":4,"11":1,"12":1,"13":1,"14":1,"15":1,"16":2,"17":1,"18":1,"19":2,"20":3},"b":{"0":[5,0],"1":[5,0],"2":[5,0],"3":[5,5],"4":[1,4],"5":[5,1],"6":[1,3],"7":[1,2],"8":[0,2],"9":[0,2],"10":[2,0],"11":[1,1],"12":[2,2],"13":[0,1],"14":[1,5],"15":[6,3],"16":[1,4],"17":[1,3],"18":[1,2],"19":[1,2],"20":[4,0],"21":[1,2],"22":[1,0],"23":[1,1],"24":[1,1],"25":[1,0],"26":[1,1],"27":[1,1],"28":[2,0],"29":[2,2],"30":[1,0],"31":[3,1]},"inputSourceMap":null,"_coverageSchema":"1a1c01bbd47fc00a2c39e90264f33305004495a9","hash":"e570157a8d0c8ff82f1eb33a22e81c3fc228d339"}
,"/Users/heshama/Desktop/Code/surveyjs-react-client-main/backend/routes/profile.js": {"path":"/Users/heshama/Desktop/Code/surveyjs-react-client-main/backend/routes/profile.js","statementMap":{"0":{"start":{"line":8,"column":15},"end":{"line":8,"column":23}},"1":{"start":{"line":11,"column":0},"end":{"line":11,"column":23}},"2":{"start":{"line":14,"column":0},"end":{"line":26,"column":3}},"3":{"start":{"line":15,"column":23},"end":{"line":15,"column":43}},"4":{"start":{"line":16,"column":8},"end":{"line":16,"column":48}},"5":{"start":{"line":16,"column":21},"end":{"line":16,"column":48}},"6":{"start":{"line":18,"column":25},"end":{"line":21,"column":9}},"7":{"start":{"line":23,"column":8},"end":{"line":23,"column":64}},"8":{"start":{"line":23,"column":31},"end":{"line":23,"column":64}},"9":{"start":{"line":25,"column":8},"end":{"line":25,"column":25}},"10":{"start":{"line":29,"column":0},"end":{"line":53,"column":3}},"11":{"start":{"line":30,"column":23},"end":{"line":30,"column":43}},"12":{"start":{"line":31,"column":8},"end":{"line":31,"column":48}},"13":{"start":{"line":31,"column":21},"end":{"line":31,"column":48}},"14":{"start":{"line":33,"column":85},"end":{"line":33,"column":93}},"15":{"start":{"line":36,"column":25},"end":{"line":49,"column":9}},"16":{"start":{"line":51,"column":8},"end":{"line":51,"column":58}},"17":{"start":{"line":52,"column":8},"end":{"line":52,"column":25}},"18":{"start":{"line":56,"column":0},"end":{"line":70,"column":3}},"19":{"start":{"line":57,"column":23},"end":{"line":57,"column":43}},"20":{"start":{"line":58,"column":8},"end":{"line":58,"column":48}},"21":{"start":{"line":58,"column":21},"end":{"line":58,"column":48}},"22":{"start":{"line":60,"column":8},"end":{"line":66,"column":9}},"23":{"start":{"line":68,"column":8},"end":{"line":68,"column":63}},"24":{"start":{"line":69,"column":8},"end":{"line":69,"column":35}}},"fnMap":{"0":{"name":"(anonymous_0)","decl":{"start":{"line":14,"column":27},"end":{"line":14,"column":28}},"loc":{"start":{"line":14,"column":47},"end":{"line":26,"column":1}},"line":14},"1":{"name":"(anonymous_1)","decl":{"start":{"line":29,"column":27},"end":{"line":29,"column":28}},"loc":{"start":{"line":29,"column":47},"end":{"line":53,"column":1}},"line":29},"2":{"name":"(anonymous_2)","decl":{"start":{"line":56,"column":47},"end":{"line":56,"column":48}},"loc":{"start":{"line":56,"column":67},"end":{"line":70,"column":1}},"line":56}},"branchMap":{"0":{"loc":{"start":{"line":16,"column":8},"end":{"line":16,"column":48}},"type":"if","locations":[{"start":{"line":16,"column":8},"end":{"line":16,"column":48}},{"start":{},"end":{}}],"line":16},"1":{"loc":{"start":{"line":23,"column":8},"end":{"line":23,"column":64}},"type":"if","locations":[{"start":{"line":23,"column":8},"end":{"line":23,"column":64}},{"start":{},"end":{}}],"line":23},"2":{"loc":{"start":{"line":31,"column":8},"end":{"line":31,"column":48}},"type":"if","locations":[{"start":{"line":31,"column":8},"end":{"line":31,"column":48}},{"start":{},"end":{}}],"line":31},"3":{"loc":{"start":{"line":48,"column":21},"end":{"line":48,"column":36}},"type":"binary-expr","locations":[{"start":{"line":48,"column":21},"end":{"line":48,"column":30}},{"start":{"line":48,"column":34},"end":{"line":48,"column":36}}],"line":48},"4":{"loc":{"start":{"line":48,"column":38},"end":{"line":48,"column":58}},"type":"binary-expr","locations":[{"start":{"line":48,"column":38},"end":{"line":48,"column":52}},{"start":{"line":48,"column":56},"end":{"line":48,"column":58}}],"line":48},"5":{"loc":{"start":{"line":48,"column":60},"end":{"line":48,"column":71}},"type":"binary-expr","locations":[{"start":{"line":48,"column":60},"end":{"line":48,"column":65}},{"start":{"line":48,"column":69},"end":{"line":48,"column":71}}],"line":48},"6":{"loc":{"start":{"line":48,"column":88},"end":{"line":48,"column":110}},"type":"binary-expr","locations":[{"start":{"line":48,"column":88},"end":{"line":48,"column":104}},{"start":{"line":48,"column":108},"end":{"line":48,"column":110}}],"line":48},"7":{"loc":{"start":{"line":48,"column":128},"end":{"line":48,"column":146}},"type":"binary-expr","locations":[{"start":{"line":48,"column":128},"end":{"line":48,"column":140}},{"start":{"line":48,"column":144},"end":{"line":48,"column":146}}],"line":48},"8":{"loc":{"start":{"line":58,"column":8},"end":{"line":58,"column":48}},"type":"if","locations":[{"start":{"line":58,"column":8},"end":{"line":58,"column":48}},{"start":{},"end":{}}],"line":58}},"s":{"0":1,"1":1,"2":1,"3":2,"4":2,"5":0,"6":2,"7":2,"8":1,"9":1,"10":1,"11":1,"12":1,"13":0,"14":1,"15":1,"16":1,"17":1,"18":1,"19":1,"20":1,"21":0,"22":1,"23":1,"24":1},"f":{"0":2,"1":1,"2":1},"b":{"0":[0,2],"1":[1,1],"2":[0,1],"3":[1,0],"4":[1,0],"5":[1,1],"6":[1,1],"7":[1,1],"8":[0,1]},"inputSourceMap":null,"_coverageSchema":"1a1c01bbd47fc00a2c39e90264f33305004495a9","hash":"e8e8ce0bda2b587b128cb10c931ea10bff5c1727"}
,"/Users/heshama/Desktop/Code/surveyjs-react-client-main/backend/routes/results.js": {"path":"/Users/heshama/Desktop/Code/surveyjs-react-client-main/backend/routes/results.js","statementMap":{"0":{"start":{"line":10,"column":15},"end":{"line":10,"column":23}},"1":{"start":{"line":13,"column":0},"end":{"line":43,"column":3}},"2":{"start":{"line":14,"column":37},"end":{"line":14,"column":51}},"3":{"start":{"line":15,"column":4},"end":{"line":17,"column":5}},"4":{"start":{"line":16,"column":8},"end":{"line":16,"column":86}},"5":{"start":{"line":18,"column":15},"end":{"line":18,"column":23}},"6":{"start":{"line":19,"column":19},"end":{"line":19,"column":47}},"7":{"start":{"line":20,"column":24},"end":{"line":20,"column":34}},"8":{"start":{"line":22,"column":4},"end":{"line":25,"column":5}},"9":{"start":{"line":27,"column":4},"end":{"line":39,"column":5}},"10":{"start":{"line":28,"column":8},"end":{"line":28,"column":72}},"11":{"start":{"line":30,"column":28},"end":{"line":30,"column":103}},"12":{"start":{"line":31,"column":8},"end":{"line":33,"column":9}},"13":{"start":{"line":32,"column":12},"end":{"line":32,"column":76}},"14":{"start":{"line":36,"column":8},"end":{"line":38,"column":9}},"15":{"start":{"line":37,"column":12},"end":{"line":37,"column":76}},"16":{"start":{"line":41,"column":4},"end":{"line":41,"column":58}},"17":{"start":{"line":42,"column":4},"end":{"line":42,"column":28}}},"fnMap":{"0":{"name":"(anonymous_0)","decl":{"start":{"line":13,"column":32},"end":{"line":13,"column":33}},"loc":{"start":{"line":13,"column":52},"end":{"line":43,"column":1}},"line":13},"1":{"name":"(anonymous_1)","decl":{"start":{"line":36,"column":39},"end":{"line":36,"column":40}},"loc":{"start":{"line":37,"column":12},"end":{"line":37,"column":76}},"line":37}},"branchMap":{"0":{"loc":{"start":{"line":14,"column":37},"end":{"line":14,"column":51}},"type":"binary-expr","locations":[{"start":{"line":14,"column":37},"end":{"line":14,"column":45}},{"start":{"line":14,"column":49},"end":{"line":14,"column":51}}],"line":14},"1":{"loc":{"start":{"line":15,"column":4},"end":{"line":17,"column":5}},"type":"if","locations":[{"start":{"line":15,"column":4},"end":{"line":17,"column":5}},{"start":{},"end":{}}],"line":15},"2":{"loc":{"start":{"line":15,"column":8},"end":{"line":15,"column":39}},"type":"binary-expr","locations":[{"start":{"line":15,"column":8},"end":{"line":15,"column":15}},{"start":{"line":15,"column":19},"end":{"line":15,"column":39}}],"line":15},"3":{"loc":{"start":{"line":19,"column":19},"end":{"line":19,"column":47}},"type":"binary-expr","locations":[{"start":{"line":19,"column":19},"end":{"line":19,"column":39}},{"start":{"line":19,"column":43},"end":{"line":19,"column":47}}],"line":19},"4":{"loc":{"start":{"line":27,"column":4},"end":{"line":39,"column":5}},"type":"if","locations":[{"start":{"line":27,"column":4},"end":{"line":39,"column":5}},{"start":{},"end":{}}],"line":27},"5":{"loc":{"start":{"line":31,"column":8},"end":{"line":33,"column":9}},"type":"if","locations":[{"start":{"line":31,"column":8},"end":{"line":33,"column":9}},{"start":{},"end":{}}],"line":31}},"s":{"0":1,"1":1,"2":5,"3":5,"4":3,"5":2,"6":2,"7":2,"8":2,"9":2,"10":1,"11":1,"12":1,"13":1,"14":1,"15":0,"16":2,"17":2},"f":{"0":5,"1":0},"b":{"0":[5,0],"1":[3,2],"2":[5,3],"3":[2,1],"4":[1,1],"5":[1,0]},"inputSourceMap":null,"_coverageSchema":"1a1c01bbd47fc00a2c39e90264f33305004495a9","hash":"96bc58c493f4cfefdc8adf67b1750f810dfa6176"}
,"/Users/heshama/Desktop/Code/surveyjs-react-client-main/backend/routes/scores.js": {"path":"/Users/heshama/Desktop/Code/surveyjs-react-client-main/backend/routes/scores.js","statementMap":{"0":{"start":{"line":26,"column":15},"end":{"line":26,"column":23}},"1":{"start":{"line":29,"column":0},"end":{"line":29,"column":23}},"2":{"start":{"line":36,"column":0},"end":{"line":150,"column":3}},"3":{"start":{"line":37,"column":23},"end":{"line":37,"column":43}},"4":{"start":{"line":38,"column":8},"end":{"line":38,"column":48}},"5":{"start":{"line":38,"column":21},"end":{"line":38,"column":48}},"6":{"start":{"line":40,"column":25},"end":{"line":46,"column":9}},"7":{"start":{"line":49,"column":40},"end":{"line":54,"column":9}},"8":{"start":{"line":55,"column":32},"end":{"line":55,"column":34}},"9":{"start":{"line":56,"column":36},"end":{"line":56,"column":38}},"10":{"start":{"line":57,"column":8},"end":{"line":60,"column":9}},"11":{"start":{"line":58,"column":12},"end":{"line":58,"column":87}},"12":{"start":{"line":59,"column":12},"end":{"line":59,"column":74}},"13":{"start":{"line":63,"column":38},"end":{"line":74,"column":9}},"14":{"start":{"line":75,"column":28},"end":{"line":75,"column":30}},"15":{"start":{"line":76,"column":8},"end":{"line":87,"column":9}},"16":{"start":{"line":77,"column":12},"end":{"line":86,"column":13}},"17":{"start":{"line":90,"column":29},"end":{"line":90,"column":42}},"18":{"start":{"line":95,"column":34},"end":{"line":95,"column":36}},"19":{"start":{"line":97,"column":41},"end":{"line":100,"column":10}},"20":{"start":{"line":102,"column":33},"end":{"line":102,"column":69}},"21":{"start":{"line":102,"column":55},"end":{"line":102,"column":67}},"22":{"start":{"line":104,"column":23},"end":{"line":123,"column":11}},"23":{"start":{"line":104,"column":40},"end":{"line":123,"column":9}},"24":{"start":{"line":127,"column":8},"end":{"line":147,"column":9}},"25":{"start":{"line":128,"column":12},"end":{"line":146,"column":13}},"26":{"start":{"line":129,"column":33},"end":{"line":129,"column":58}},"27":{"start":{"line":130,"column":16},"end":{"line":145,"column":17}},"28":{"start":{"line":131,"column":20},"end":{"line":144,"column":22}},"29":{"start":{"line":149,"column":8},"end":{"line":149,"column":28}},"30":{"start":{"line":156,"column":0},"end":{"line":179,"column":3}},"31":{"start":{"line":157,"column":23},"end":{"line":157,"column":43}},"32":{"start":{"line":158,"column":8},"end":{"line":158,"column":48}},"33":{"start":{"line":158,"column":21},"end":{"line":158,"column":48}},"34":{"start":{"line":160,"column":30},"end":{"line":160,"column":40}},"35":{"start":{"line":162,"column":25},"end":{"line":167,"column":9}},"36":{"start":{"line":169,"column":8},"end":{"line":169,"column":62}},"37":{"start":{"line":169,"column":31},"end":{"line":169,"column":62}},"38":{"start":{"line":171,"column":20},"end":{"line":171,"column":27}},"39":{"start":{"line":172,"column":8},"end":{"line":178,"column":10}}},"fnMap":{"0":{"name":"(anonymous_0)","decl":{"start":{"line":36,"column":27},"end":{"line":36,"column":28}},"loc":{"start":{"line":36,"column":47},"end":{"line":150,"column":1}},"line":36},"1":{"name":"(anonymous_1)","decl":{"start":{"line":102,"column":50},"end":{"line":102,"column":51}},"loc":{"start":{"line":102,"column":55},"end":{"line":102,"column":67}},"line":102},"2":{"name":"(anonymous_2)","decl":{"start":{"line":104,"column":32},"end":{"line":104,"column":33}},"loc":{"start":{"line":104,"column":40},"end":{"line":123,"column":9}},"line":104},"3":{"name":"(anonymous_3)","decl":{"start":{"line":156,"column":37},"end":{"line":156,"column":38}},"loc":{"start":{"line":156,"column":57},"end":{"line":179,"column":1}},"line":156}},"branchMap":{"0":{"loc":{"start":{"line":38,"column":8},"end":{"line":38,"column":48}},"type":"if","locations":[{"start":{"line":38,"column":8},"end":{"line":38,"column":48}},{"start":{},"end":{}}],"line":38},"1":{"loc":{"start":{"line":59,"column":48},"end":{"line":59,"column":74}},"type":"binary-expr","locations":[{"start":{"line":59,"column":48},"end":{"line":59,"column":66}},{"start":{"line":59,"column":70},"end":{"line":59,"column":74}}],"line":59},"2":{"loc":{"start":{"line":81,"column":36},"end":{"line":81,"column":75}},"type":"binary-expr","locations":[{"start":{"line":81,"column":36},"end":{"line":81,"column":69}},{"start":{"line":81,"column":73},"end":{"line":81,"column":75}}],"line":81},"3":{"loc":{"start":{"line":106,"column":25},"end":{"line":106,"column":71}},"type":"binary-expr","locations":[{"start":{"line":106,"column":25},"end":{"line":106,"column":53}},{"start":{"line":106,"column":57},"end":{"line":106,"column":71}}],"line":106},"4":{"loc":{"start":{"line":110,"column":28},"end":{"line":110,"column":67}},"type":"binary-expr","locations":[{"start":{"line":110,"column":28},"end":{"line":110,"column":59}},{"start":{"line":110,"column":63},"end":{"line":110,"column":67}}],"line":110},"5":{"loc":{"start":{"line":112,"column":31},"end":{"line":112,"column":107}},"type":"binary-expr","locations":[{"start":{"line":112,"column":31},"end":{"line":112,"column":66}},{"start":{"line":112,"column":70},"end":{"line":112,"column":99}},{"start":{"line":112,"column":103},"end":{"line":112,"column":107}}],"line":112},"6":{"loc":{"start":{"line":113,"column":26},"end":{"line":113,"column":75}},"type":"binary-expr","locations":[{"start":{"line":113,"column":26},"end":{"line":113,"column":67}},{"start":{"line":113,"column":71},"end":{"line":113,"column":75}}],"line":113},"7":{"loc":{"start":{"line":114,"column":26},"end":{"line":114,"column":75}},"type":"binary-expr","locations":[{"start":{"line":114,"column":26},"end":{"line":114,"column":67}},{"start":{"line":114,"column":71},"end":{"line":114,"column":75}}],"line":114},"8":{"loc":{"start":{"line":115,"column":27},"end":{"line":115,"column":77}},"type":"binary-expr","locations":[{"start":{"line":115,"column":27},"end":{"line":115,"column":69}},{"start":{"line":115,"column":73},"end":{"line":115,"column":77}}],"line":115},"9":{"loc":{"start":{"line":116,"column":32},"end":{"line":116,"column":87}},"type":"binary-expr","locations":[{"start":{"line":116,"column":32},"end":{"line":116,"column":79}},{"start":{"line":116,"column":83},"end":{"line":116,"column":87}}],"line":116},"10":{"loc":{"start":{"line":117,"column":30},"end":{"line":117,"column":83}},"type":"binary-expr","locations":[{"start":{"line":117,"column":30},"end":{"line":117,"column":75}},{"start":{"line":117,"column":79},"end":{"line":117,"column":83}}],"line":117},"11":{"loc":{"start":{"line":118,"column":21},"end":{"line":118,"column":62}},"type":"binary-expr","locations":[{"start":{"line":118,"column":21},"end":{"line":118,"column":57}},{"start":{"line":118,"column":61},"end":{"line":118,"column":62}}],"line":118},"12":{"loc":{"start":{"line":119,"column":24},"end":{"line":119,"column":69}},"type":"binary-expr","locations":[{"start":{"line":119,"column":24},"end":{"line":119,"column":63}},{"start":{"line":119,
[...]
,"end":{"line":149,"column":65}},"type":"binary-expr","locations":[{"start":{"line":149,"column":29},"end":{"line":149,"column":60}},{"start":{"line":149,"column":64},"end":{"line":149,"column":65}}],"line":149},"10":{"loc":{"start":{"line":150,"column":29},"end":{"line":150,"column":65}},"type":"binary-expr","locations":[{"start":{"line":150,"column":29},"end":{"line":150,"column":57}},{"start":{"line":150,"column":64},"end":{"line":150,"column":65}}],"line":150},"11":{"loc":{"start":{"line":151,"column":29},"end":{"line":151,"column":65}},"type":"binary-expr","locations":[{"start":{"line":151,"column":29},"end":{"line":151,"column":60}},{"start":{"line":151,"column":64},"end":{"line":151,"column":65}}],"line":151},"12":{"loc":{"start":{"line":152,"column":29},"end":{"line":152,"column":65}},"type":"binary-expr","locations":[{"start":{"line":152,"column":29},"end":{"line":152,"column":57}},{"start":{"line":152,"column":64},"end":{"line":152,"column":65}}],"line":152},"13":{"loc":{"start":{"line":173,"column":30},"end":{"line":173,"column":68}},"type":"binary-expr","locations":[{"start":{"line":173,"column":30},"end":{"line":173,"column":62}},{"start":{"line":173,"column":67},"end":{"line":173,"column":68}}],"line":173},"14":{"loc":{"start":{"line":174,"column":30},"end":{"line":174,"column":68}},"type":"binary-expr","locations":[{"start":{"line":174,"column":30},"end":{"line":174,"column":63}},{"start":{"line":174,"column":67},"end":{"line":174,"column":68}}],"line":174},"15":{"loc":{"start":{"line":175,"column":30},"end":{"line":175,"column":68}},"type":"binary-expr","locations":[{"start":{"line":175,"column":30},"end":{"line":175,"column":58}},{"start":{"line":175,"column":67},"end":{"line":175,"column":68}}],"line":175},"16":{"loc":{"start":{"line":192,"column":8},"end":{"line":192,"column":56}},"type":"if","locations":[{"start":{"line":192,"column":8},"end":{"line":192,"column":56}},{"start":{},"end":{}}],"line":192},"17":{"loc":{"start":{"line":194,"column":24},"end":{"line":194,"column":52}},"type":"binary-expr","locations":[{"start":{"line":194,"column":24},"end":{"line":194,"column":47}},{"start":{"line":194,"column":51},"end":{"line":194,"column":52}}],"line":194}},"s":{"0":1,"1":2,"2":2,"3":2,"4":0,"5":2,"6":2,"7":2,"8":0,"9":0,"10":0,"11":0,"12":0,"13":0,"14":0,"15":0,"16":0,"17":0,"18":0,"19":0,"20":0,"21":0,"22":0,"23":0,"24":0,"25":0,"26":0,"27":0,"28":0,"29":0,"30":0,"31":0,"32":0,"33":0,"34":0,"35":0,"36":0,"37":0},"f":{"0":2,"1":2,"2":0,"3":0,"4":0,"5":0,"6":0,"7":0},"b":{"0":[0,1],"1":[0],"2":[0],"3":[0,0,0,0,0],"4":[0,0],"5":[0,0],"6":[0,0],"7":[0,0],"8":[0,0],"9":[0,0],"10":[0,0],"11":[0,0],"12":[0,0],"13":[0,0],"14":[0,0],"15":[0,0],"16":[0,0],"17":[0,0]},"inputSourceMap":null,"_coverageSchema":"1a1c01bbd47fc00a2c39e90264f33305004495a9","hash":"bfb44b53eda8fc5dda303926c5a876301769b876"}
,"/Users/heshama/Desktop/Code/surveyjs-react-client-main/backend/services/scoring/scoringStrategies.js": {"path":"/Users/heshama/Desktop/Code/surveyjs-react-client-main/backend/services/scoring/scoringStrategies.js","statementMap":{"0":{"start":{"line":15,"column":24},"end":{"line":19,"column":1}},"1":{"start":{"line":27,"column":4},"end":{"line":27,"column":44}},"2":{"start":{"line":51,"column":8},"end":{"line":51,"column":56}},"3":{"start":{"line":51,"column":46},"end":{"line":51,"column":56}},"4":{"start":{"line":52,"column":23},"end":{"line":52,"column":41}},"5":{"start":{"line":53,"column":8},"end":{"line":53,"column":41}},"6":{"start":{"line":53,"column":33},"end":{"line":53,"column":39}},"7":{"start":{"line":60,"column":8},"end":{"line":60,"column":30}},"8":{"start":{"line":77,"column":8},"end":{"line":77,"column":43}},"9":{"start":{"line":81,"column":8},"end":{"line":81,"column":56}},"10":{"start":{"line":81,"column":46},"end":{"line":81,"column":56}},"11":{"start":{"line":84,"column":27},"end":{"line":84,"column":80}},"12":{"start":{"line":84,"column":44},"end":{"line":84,"column":79}},"13":{"start":{"line":87,"column":20},"end":{"line":87,"column":61}},"14":{"start":{"line":87,"column":50},"end":{"line":87,"column":57}},"15":{"start":{"line":88,"column":8},"end":{"line":88,"column":44}},"16":{"start":{"line":88,"column":35},"end":{"line":88,"column":42}},"17":{"start":{"line":92,"column":8},"end":{"line":92,"column":31}}},"fnMap":{"0":{"name":"severityToScore","decl":{"start":{"line":26,"column":9},"end":{"line":26,"column":24}},"loc":{"start":{"line":26,"column":35},"end":{"line":28,"column":1}},"line":26},"1":{"name":"(anonymous_1)","decl":{"start":{"line":50,"column":4},"end":{"line":50,"column":5}},"loc":{"start":{"line":50,"column":24},"end":{"line":54,"column":5}},"line":50},"2":{"name":"(anonymous_2)","decl":{"start":{"line":53,"column":27},"end":{"line":53,"column":28}},"loc":{"start":{"line":53,"column":33},"end":{"line":53,"column":39}},"line":53},"3":{"name":"(anonymous_3)","decl":{"start":{"line":59,"column":4},"end":{"line":59,"column":5}},"loc":{"start":{"line":59,"column":14},"end":{"line":61,"column":5}},"line":59},"4":{"name":"(anonymous_4)","decl":{"start":{"line":76,"column":4},"end":{"line":76,"column":5}},"loc":{"start":{"line":76,"column":31},"end":{"line":78,"column":5}},"line":76},"5":{"name":"(anonymous_5)","decl":{"start":{"line":80,"column":4},"end":{"line":80,"column":5}},"loc":{"start":{"line":80,"column":24},"end":{"line":89,"column":5}},"line":80},"6":{"name":"(anonymous_6)","decl":{"start":{"line":84,"column":39},"end":{"line":84,"column":40}},"loc":{"start":{"line":84,"column":44},"end":{"line":84,"column":79}},"line":84},"7":{"name":"(anonymous_7)","decl":{"start":{"line":87,"column":38},"end":{"line":87,"column":39}},"loc":{"start":{"line":87,"column":50},"end":{"line":87,"column":57}},"line":87},"8":{"name":"(anonymous_8)","decl":{"start":{"line":88,"column":30},"end":{"line":88,"column":31}},"loc":{"start":{"line":88,"column":35},"end":{"line":88,"column":42}},"line":88},"9":{"name":"(anonymous_9)","decl":{"start":{"line":91,"column":4},"end":{"line":91,"column":5}},"loc":{"start":{"line":91,"column":14},"end":{"line":93,"column":5}},"line":91}},"branchMap":{"0":{"loc":{"start":{"line":27,"column":11},"end":{"line":27,"column":43}},"type":"binary-expr","locations":[{"start":{"line":27,"column":11},"end":{"line":27,"column":36}},{"start":{"line":27,"column":40},"end":{"line":27,"column":43}}],"line":27},"1":{"loc":{"start":{"line":51,"column":8},"end":{"line":51,"column":56}},"type":"if","locations":[{"start":{"line":51,"column":8},"end":{"line":51,"column":56}},{"start":{},"end":{}}],"line":51},"2":{"loc":{"start":{"line":51,"column":12},"end":{"line":51,"column":44}},"type":"binary-expr","locations":[{"start":{"line":51,"column":12},"end":{"line":51,"column":20}},{"start":{"line":51,"column":24},"end":{"line":51,"column":44}}],"line":51},"3":{"loc":{"start":{"line":81,"column":8},"end":{"line":81,"column":56}},"type":"if","locations":[{"start":{"line":81,"column":8},"end":{"line":81,"column":56}},{"start":{},"end":{}}],"line":81},"4":{"loc":{"start":{"line":81,"column":12},"end":{"line":81,"column":44}},"type":"binary-expr","locations":[{"start":{"line":81,"column":12},"end":{"line":81,"column":20}},{"start":{"line":81,"column":24},"end":{"line":81,"column":44}}],"line":81},"5":{"loc":{"start":{"line":84,"column":44},"end":{"line":84,"column":79}},"type":"binary-expr","locations":[{"start":{"line":84,"column":44},"end":{"line":84,"column":72}},{"start":{"line":84,"column":76},"end":{"line":84,"column":79}}],"line":84}},"s":{"0":2,"1":6,"2":2,"3":1,"4":1,"5":1,"6":3,"7":0,"8":0,"9":0,"10":0,"11":0,"12":0,"13":0,"14":0,"15":0,"16":0,"17":0},"f":{"0":6,"1":2,"2":3,"3":0,"4":0,"5":0,"6":0,"7":0,"8":0,"9":0},"b":{"0":[6,1],"1":[1,1],"2":[2,2],"3":[0,0],"4":[0,0],"5":[0,0]},"inputSourceMap":null,"_coverageSchema":"1a1c01bbd47fc00a2c39e90264f33305004495a9","hash":"17b58e98558cd62546a5fa86bd7c8ab79449e63d"}
,"/Users/heshama/Desktop/Code/surveyjs-react-client-main/backend/utils/errors.js": {"path":"/Users/heshama/Desktop/Code/surveyjs-react-client-main/backend/utils/errors.js","statementMap":{"0":{"start":{"line":8,"column":8},"end":{"line":8,"column":22}},"1":{"start":{"line":9,"column":8},"end":{"line":9,"column":30}},"2":{"start":{"line":10,"column":8},"end":{"line":10,"column":24}},"3":{"start":{"line":11,"column":8},"end":{"line":11,"column":28}},"4":{"start":{"line":12,"column":8},"end":{"line":12,"column":30}},"5":{"start":{"line":16,"column":22},"end":{"line":26,"column":1}},"6":{"start":{"line":17,"column":34},"end":{"line":17,"column":88}},"7":{"start":{"line":18,"column":34},"end":{"line":18,"column":81}},"8":{"start":{"line":19,"column":34},"end":{"line":19,"column":82}},"9":{"start":{"line":20,"column":34},"end":{"line":20,"column":91}},"10":{"start":{"line":21,"column":34},"end":{"line":21,"column":84}},"11":{"start":{"line":22,"column":35},"end":{"line":22,"column":97}},"12":{"start":{"line":23,"column":34},"end":{"line":24,"column":96}},"13":{"start":{"line":25,"column":34},"end":{"line":25,"column":74}},"14":{"start":{"line":35,"column":26},"end":{"line":47,"column":1}},"15":{"start":{"line":35,"column":34},"end":{"line":47,"column":1}},"16":{"start":{"line":36,"column":4},"end":{"line":46,"column":5}},"17":{"start":{"line":37,"column":8},"end":{"line":37,"column":32}},"18":{"start":{"line":39,"column":18},"end":{"line":39,"column":78}},"19":{"start":{"line":40,"column":8},"end":{"line":40,"column":47}},"20":{"start":{"line":41,"column":8},"end":{"line":45,"column":10}}},"fnMap":{"0":{"name":"(anonymous_0)","decl":{"start":{"line":7,"column":4},"end":{"line":7,"column":5}},"loc":{"start":{"line":7,"column":61},"end":{"line":13,"column":5}},"line":7},"1":{"name":"(anonymous_1)","decl":{"start":{"line":17,"column":27},"end":{"line":17,"column":28}},"loc":{"start":{"line":17,"column":34},"end":{"line":17,"column":88}},"line":17},"2":{"name":"(anonymous_2)","decl":{"start":{"line":18,"column":27},"end":{"line":18,"column":28}},"loc":{"start":{"line":18,"column":34},"end":{"line":18,"column":81}},"line":18},"3":{"name":"(anonymous_3)","decl":{"start":{"line":19,"column":27},"end":{"line":19,"column":28}},"loc":{"start":{"line":19,"column":34},"end":{"line":19,"column":82}},"line":19},"4":{"name":"(anonymous_4)","decl":{"start":{"line":20,"column":27},"end":{"line":20,"column":28}},"loc":{"start":{"line":20,"column":34},"end":{"line":20,"column":91}},"line":20},"5":{"name":"(anonymous_5)","decl":{"start":{"line":21,"column":27},"end":{"line":21,"column":28}},"loc":{"start":{"line":21,"column":34},"end":{"line":21,"column":84}},"line":21},"6":{"name":"(anonymous_6)","decl":{"start":{"line":22,"column":27},"end":{"line":22,"column":28}},"loc":{"start":{"line":22,"column":35},"end":{"line":22,"column":97}},"line":22},"7":{"name":"(anonymous_7)","decl":{"start":{"line":23,"column":27},"end":{"line":23,"column":28}},"loc":{"start":{"line":23,"column":34},"end":{"line":24,"column":96}},"line":23},"8":{"name":"(anonymous_8)","decl":{"start":{"line":25,"column":27},"end":{"line":25,"column":28}},"loc":{"start":{"line":25,"column":34},"end":{"line":25,"column":74}},"line":25},"9":{"name":"(anonymous_9)","decl":{"start":{"line":35,"column":26},"end":{"line":35,"column":27}},"loc":{"start":{"line":35,"column":34},"end":{"line":47,"column":1}},"line":35},"10":{"name":"(anonymous_10)","decl":{"start":{"line":35,"column":34},"end":{"line":35,"column":35}},"loc":{"start":{"line":35,"column":60},"end":{"line":47,"column":1}},"line":35}},"branchMap":{"0":{"loc":{"start":{"line":7,"column":31},"end":{"line":7,"column":43}},"type":"default-arg","locations":[{"start":{"line":7,"column":40},"end":{"line":7,"column":43}}],"line":7},"1":{"loc":{"start":{"line":7,"column":45},"end":{"line":7,"column":59}},"type":"default-arg","locations":[{"start":{"line":7,"column":55},"end":{"line":7,"column":59}}],"line":7},"2":{"loc":{"start":{"line":39,"column":18},"end":{"line":39,"column":78}},"type":"cond-expr","locations":[{"start":{"line":39,"column":44},"end":{"line":39,"column":47}},{"start":{"line":39,"column":50},"end":{"line":39,"column":78}}],"line":39},"3":{"loc":{"start":{"line":44,"column":16},"end":{"line":44,"column":92}},"type":"binary-expr","locations":[{"start":{"line":44,"column":16},"end":{"line":44,"column":53}},{"start":{"line":44,"column":57},"end":{"line":44,"column":66}},{"start":{"line":44,"column":70},"end":{"line":44,"column":92}}],"line":44}},"s":{"0":25,"1":25,"2":25,"3":25,"4":25,"5":13,"6":2,"7":1,"8":6,"9":8,"10":3,"11":1,"12":0,"13":0,"14":13,"15":41,"16":84,"17":84,"18":17,"19":17,"20":17},"f":{"0":25,"1":2,"2":1,"3":6,"4":8,"5":3,"6":1,"7":0,"8":0,"9":41,"10":84},"b":{"0":[1],"1":[13],"2":[15,2],"3":[17,17,9]},"inputSourceMap":null,"_coverageSchema":"1a1c01bbd47fc00a2c39e90264f33305004495a9","hash":"f7cb24dd3e4f5552368f2e611ad0b227ee973096"}
,"/Users/heshama/Desktop/Code/surveyjs-react-client-main/backend/utils/logger.js": {"path":"/Users/heshama/Desktop/Code/surveyjs-react-client-main/backend/utils/logger.js","statementMap":{"0":{"start":{"line":6,"column":63},"end":{"line":6,"column":77}},"1":{"start":{"line":9,"column":19},"end":{"line":9,"column":49}},"2":{"start":{"line":10,"column":18},"end":{"line":10,"column":42}},"3":{"start":{"line":13,"column":16},"end":{"line":13,"column":50}},"4":{"start":{"line":16,"column":22},"end":{"line":18,"column":2}},"5":{"start":{"line":17,"column":4},"end":{"line":17,"column":57}},"6":{"start":{"line":21,"column":19},"end":{"line":27,"column":2}},"7":{"start":{"line":22,"column":14},"end":{"line":22,"column":74}},"8":{"start":{"line":23,"column":4},"end":{"line":25,"column":5}},"9":{"start":{"line":24,"column":8},"end":{"line":24,"column":47}},"10":{"start":{"line":26,"column":4},"end":{"line":26,"column":14}},"11":{"start":{"line":30,"column":15},"end":{"line":70,"column":2}},"12":{"start":{"line":73,"column":0},"end":{"line":75,"column":1}},"13":{"start":{"line":74,"column":24},"end":{"line":74,"column":51}},"14":{"start":{"line":78,"column":0},"end":{"line":80,"column":1}},"15":{"start":{"line":79,"column":4},"end":{"line":79,"column":59}},"16":{"start":{"line":83,"column":0},"end":{"line":85,"column":1}},"17":{"start":{"line":84,"column":4},"end":{"line":84,"column":61}}},"fnMap":{"0":{"name":"(anonymous_0)","decl":{"start":{"line":16,"column":29},"end":{"line":16,"column":30}},"loc":{"start":{"line":16,"column":71},"end":{"line":18,"column":1}},"line":16},"1":{"name":"(anonymous_1)","decl":{"start":{"line":21,"column":26},"end":{"line":21,"column":27}},"loc":{"start":{"line":21,"column":81},"end":{"line":27,"column":1}},"line":21},"2":{"name":"(anonymous_2)","decl":{"start":{"line":74,"column":11},"end":{"line":74,"column":12}},"loc":{"start":{"line":74,"column":24},"end":{"line":74,"column":51}},"line":74},"3":{"name":"(anonymous_3)","decl":{"start":{"line":78,"column":14},"end":{"line":78,"column":15}},"loc":{"start":{"line":78,"column":42},"end":{"line":80,"column":1}},"line":78},"4":{"name":"(anonymous_4)","decl":{"start":{"line":83,"column":16},"end":{"line":83,"column":17}},"loc":{"start":{"line":83,"column":44},"end":{"line":85,"column":1}},"line":83}},"branchMap":{"0":{"loc":{"start":{"line":17,"column":39},"end":{"line":17,"column":55}},"type":"binary-expr","locations":[{"start":{"line":17,"column":39},"end":{"line":17,"column":44}},{"start":{"line":17,"column":48},"end":{"line":17,"column":55}}],"line":17},"1":{"loc":{"start":{"line":22,"column":56},"end":{"line":22,"column":72}},"type":"binary-expr","locations":[{"start":{"line":22,"column":56},"end":{"line":22,"column":61}},{"start":{"line":22,"column":65},"end":{"line":22,"column":72}}],"line":22},"2":{"loc":{"start":{"line":23,"column":4},"end":{"line":25,"column":5}},"type":"if","locations":[{"start":{"line":23,"column":4},"end":{"line":25,"column":5}},{"start":{},"end":{}}],"line":23},"3":{"loc":{"start":{"line":31,"column":11},"end":{"line":31,"column":42}},"type":"binary-expr","locations":[{"start":{"line":31,"column":11},"end":{"line":31,"column":32}},{"start":{"line":31,"column":36},"end":{"line":31,"column":42}}],"line":31},"4":{"loc":{"start":{"line":78,"column":24},"end":{"line":78,"column":37}},"type":"default-arg","locations":[{"start":{"line":78,"column":35},"end":{"line":78,"column":37}}],"line":78},"5":{"loc":{"start":{"line":83,"column":26},"end":{"line":83,"column":39}},"type":"default-arg","locations":[{"start":{"line":83,"column":37},"end":{"line":83,"column":39}}],"line":83}},"s":{"0":3,"1":3,"2":3,"3":3,"4":3,"5":4,"6":3,"7":10,"8":10,"9":0,"10":10,"11":3,"12":3,"13":0,"14":3,"15":0,"16":3,"17":0},"f":{"0":4,"1":10,"2":0,"3":0,"4":0},"b":{"0":[4,4],"1":[10,10],"2":[0,10],"3":[3,3],"4":[0],"5":[0]},"inputSourceMap":null,"_coverageSchema":"1a1c01bbd47fc00a2c39e90264f33305004495a9","hash":"8ede9cc45bcea306f2eb6f7d272fbe34c42e4626"}
,"/Users/heshama/Desktop/Code/surveyjs-react-client-main/backend/utils/stats.js": {"path":"/Users/heshama/Desktop/Code/surveyjs-react-client-main/backend/utils/stats.js","statementMap":{"0":{"start":{"line":11,"column":4},"end":{"line":11,"column":41}},"1":{"start":{"line":11,"column":32},"end":{"line":11,"column":41}},"2":{"start":{"line":12,"column":4},"end":{"line":12,"column":52}},"3":{"start":{"line":12,"column":32},"end":{"line":12,"column":52}},"4":{"start":{"line":13,"column":16},"end":{"line":13,"column":50}},"5":{"start":{"line":14,"column":18},"end":{"line":14,"column":33}},"6":{"start":{"line":15,"column":18},"end":{"line":15,"column":32}},"7":{"start":{"line":16,"column":4},"end":{"line":16,"column":49}},"8":{"start":{"line":16,"column":25},"end":{"line":16,"column":49}},"9":{"start":{"line":17,"column":4},"end":{"line":17,"column":84}}},"fnMap":{"0":{"name":"percentile","decl":{"start":{"line":10,"column":16},"end":{"line":10,"column":26}},"loc":{"start":{"line":10,"column":41},"end":{"line":18,"column":1}},"line":10}},"branchMap":{"0":{"loc":{"start":{"line":11,"column":4},"end":{"line":11,"column":41}},"type":"if","locations":[{"start":{"line":11,"column":4},"end":{"line":11,"column":41}},{"start":{},"end":{}}],"line":11},"1":{"loc":{"start":{"line":12,"column":4},"end":{"line":12,"column":52}},"type":"if","locations":[{"start":{"line":12,"column":4},"end":{"line":12,"column":52}},{"start":{},"end":{}}],"line":12},"2":{"loc":{"start":{"line":16,"column":4},"end":{"line":16,"column":49}},"type":"if","locations":[{"start":{"line":16,"column":4},"end":{"line":16,"column":49}},{"start":{},"end":{}}],"line":16}},"s":{"0":3274,"1":0,"2":3274,"3":0,"4":3274,"5":3274,"6":3274,"7":3274,"8":3,"9":3271},"f":{"0":3274},"b":{"0":[0,3274],"1":[0,3274],"2":[3,3271]},"inputSourceMap":null,"_coverageSchema":"1a1c01bbd47fc00a2c39e90264f33305004495a9","hash":"932b3dbaa20ff04599413a205ce592a73da09532"}
,"/Users/heshama/Desktop/Code/surveyjs-react-client-main/backend/utils/withTransaction.js": {"path":"/Users/heshama/Desktop/Code/surveyjs-react-client-main/backend/utils/withTransaction.js","statementMap":{"0":{"start":{"line":11,"column":19},"end":{"line":11,"column":39}},"1":{"start":{"line":12,"column":4},"end":{"line":22,"column":5}},"2":{"start":{"line":13,"column":8},"end":{"line":13,"column":35}},"3":{"start":{"line":14,"column":23},"end":{"line":14,"column":39}},"4":{"start":{"line":15,"column":8},"end":{"line":15,"column":36}},"5":{"start":{"line":16,"column":8},"end":{"line":16,"column":21}},"6":{"start":{"line":18,"column":8},"end":{"line":18,"column":38}},"7":{"start":{"line":19,"column":8},"end":{"line":19,"column":17}},"8":{"start":{"line":21,"column":8},"end":{"line":21,"column":24}}},"fnMap":{"0":{"name":"withTransaction","decl":{"start":{"line":10,"column":22},"end":{"line":10,"column":37}},"loc":{"start":{"line":10,"column":48},"end":{"line":23,"column":1}},"line":10}},"branchMap":{},"s":{"0":3,"1":3,"2":3,"3":3,"4":1,"5":1,"6":2,"7":1,"8":3},"f":{"0":3},"b":{},"inputSourceMap":null,"_coverageSchema":"1a1c01bbd47fc00a2c39e90264f33305004495a9","hash":"29ad53553be97357dc1e4137c54c50472de7de00"}
}
