{"total": {"lines":{"total":1258,"covered":722,"skipped":0,"pct":57.39},"statements":{"total":1490,"covered":853,"skipped":0,"pct":57.24},"functions":{"total":234,"covered":123,"skipped":0,"pct":52.56},"branches":{"total":641,"covered":274,"skipped":0,"pct":42.74},"branchesTrue":{"total":0,"covered":0,"skipped":0,"pct":100}}
,"/Users/heshama/Desktop/Code/surveyjs-react-client-main/backend/config/concepts.js": {"lines":{"total":4,"covered":4,"skipped":0,"pct":100},"functions":{"total":1,"covered":1,"skipped":0,"pct":100},"statements":{"total":4,"covered":4,"skipped":0,"pct":100},"branches":{"total":0,"covered":0,"skipped":0,"pct":100}}
,"/Users/heshama/Desktop/Code/surveyjs-react-client-main/backend/config/database.js": {"lines":{"total":2,"covered":0,"skipped":0,"pct":0},"functions":{"total":0,"covered":0,"skipped":0,"pct":100},"statements":{"total":2,"covered":0,"skipped":0,"pct":0},"branches":{"total":8,"covered":0,"skipped":0,"pct":0}}
,"/Users/heshama/Desktop/Code/surveyjs-react-client-main/backend/config/envValidation.js": {"lines":{"total":25,"covered":0,"skipped":0,"pct":0},"functions":{"total":3,"covered":0,"skipped":0,"pct":0},"statements":{"total":27,"covered":0,"skipped":0,"pct":0},"branches":{"total":23,"covered":0,"skipped":0,"pct":0}}
,"/Users/heshama/Desktop/Code/surveyjs-react-client-main/backend/config/swagger.js": {"lines":{"total":2,"covered":0,"skipped":0,"pct":0},"functions":{"total":0,"covered":0,"skipped":0,"pct":100},"statements":{"total":2,"covered":0,"skipped":0,"pct":0},"branches":{"total":0,"covered":0,"skipped":0,"pct":100}}
,"/Users/heshama/Desktop/Code/surveyjs-react-client-main/backend/routes/admin.js": {"lines":{"total":64,"covered":43,"skipped":0,"pct":67.18},"functions":{"total":13,"covered":5,"skipped":0,"pct":38.46},"statements":{"total":67,"covered":44,"skipped":0,"pct":65.67},"branches":{"total":54,"covered":33,"skipped":0,"pct":61.11}}
,"/Users/heshama/Desktop/Code/surveyjs-react-client-main/backend/routes/annotations.js": {"lines":{"total":11,"covered":0,"skipped":0,"pct":0},"functions":{"total":2,"covered":0,"skipped":0,"pct":0},"statements":{"total":11,"covered":0,"skipped":0,"pct":0},"branches":{"total":0,"covered":0,"skipped":0,"pct":100}}
,"/Users/heshama/Desktop/Code/surveyjs-react-client-main/backend/routes/auth.js": {"lines":{"total":15,"covered":8,"skipped":0,"pct":53.33},"functions":{"total":1,"covered":1,"skipped":0,"pct":100},"statements":{"total":15,"covered":8,"skipped":0,"pct":53.33},"branches":{"total":8,"covered":1,"skipped":0,"pct":12.5}}
,"/Users/heshama/Desktop/Code/surveyjs-react-client-main/backend/routes/chat.js": {"lines":{"total":43,"covered":37,"skipped":0,"pct":86.04},"functions":{"total":6,"covered":4,"skipped":0,"pct":66.66},"statements":{"total":46,"covered":39,"skipped":0,"pct":84.78},"branches":{"total":22,"covered":19,"skipped":0,"pct":86.36}}
,"/Users/heshama/Desktop/Code/surveyjs-react-client-main/backend/routes/index.js": {"lines":{"total":14,"covered":0,"skipped":0,"pct":0},"functions":{"total":0,"covered":0,"skipped":0,"pct":100},"statements":{"total":14,"covered":0,"skipped":0,"pct":0},"branches":{"total":0,"covered":0,"skipped":0,"pct":100}}
,"/Users/heshama/Desktop/Code/surveyjs-react-client-main/backend/routes/lms.js": {"lines":{"total":61,"covered":0,"skipped":0,"pct":0},"functions":{"total":11,"covered":0,"skipped":0,"pct":0},"statements":{"total":64,"covered":0,"skipped":0,"pct":0},"branches":{"total":16,"covered":0,"skipped":0,"pct":0}}
,"/Users/heshama/Desktop/Code/surveyjs-react-client-main/backend/routes/mood.js": {"lines":{"total":88,"covered":0,"skipped":0,"pct":0},"functions":{"total":21,"covered":0,"skipped":0,"pct":0},"statements":{"total":102,"covered":0,"skipped":0,"pct":0},"branches":{"total":64,"covered":0,"skipped":0,"pct":0}}
,"/Users/heshama/Desktop/Code/surveyjs-react-client-main/backend/routes/profile.js": {"lines":{"total":21,"covered":21,"skipped":0,"pct":100},"functions":{"total":3,"covered":3,"skipped":0,"pct":100},"statements":{"total":25,"covered":22,"skipped":0,"pct":88},"branches":{"total":18,"covered":13,"skipped":0,"pct":72.22}}
,"/Users/heshama/Desktop/Code/surveyjs-react-client-main/backend/routes/results.js": {"lines":{"total":18,"covered":0,"skipped":0,"pct":0},"functions":{"total":2,"covered":0,"skipped":0,"pct":0},"statements":{"total":18,"covered":0,"skipped":0,"pct":0},"branches":{"total":12,"covered":0,"skipped":0,"pct":0}}
,"/Users/heshama/Desktop/Code/surveyjs-react-client-main/backend/routes/scores.js": {"lines":{"total":35,"covered":29,"skipped":0,"pct":82.85},"functions":{"total":4,"covered":4,"skipped":0,"pct":100},"statements":{"total":40,"covered":32,"skipped":0,"pct":80},"branches":{"total":41,"covered":29,"skipped":0,"pct":70.73}}
,"/Users/heshama/Desktop/Code/surveyjs-react-client-main/backend/routes/screen-time.js": {"lines":{"total":21,"covered":21,"skipped":0,"pct":100},"functions":{"total":3,"covered":2,"skipped":0,"pct":66.66},"statements":{"total":24,"covered":21,"skipped":0,"pct":87.5},"branches":{"total":13,"covered":11,"skipped":0,"pct":84.61}}
,"/Users/heshama/Desktop/Code/surveyjs-react-client-main/backend/routes/sleep.js": {"lines":{"total":45,"covered":45,"skipped":0,"pct":100},"functions":{"total":7,"covered":6,"skipped":0,"pct":85.71},"statements":{"total":52,"covered":49,"skipped":0,"pct":94.23},"branches":{"total":22,"covered":17,"skipped":0,"pct":77.27}}
,"/Users/heshama/Desktop/Code/surveyjs-react-client-main/backend/routes/surveys.js": {"lines":{"total":37,"covered":20,"skipped":0,"pct":54.05},"functions":{"total":6,"covered":4,"skipped":0,"pct":66.66},"statements":{"total":40,"covered":22,"skipped":0,"pct":55},"branches":{"total":20,"covered":9,"skipped":0,"pct":45}}
,"/Users/heshama/Desktop/Code/surveyjs-react-client-main/backend/services/scoring/clusterPeerService.js": {"lines":{"total":173,"covered":99,"skipped":0,"pct":57.22},"functions":{"total":44,"covered":27,"skipped":0,"pct":61.36},"statements":{"total":209,"covered":115,"skipped":0,"pct":55.02},"branches":{"total":65,"covered":29,"skipped":0,"pct":44.61}}
,"/Users/heshama/Desktop/Code/surveyjs-react-client-main/backend/services/scoring/clusterStorageService.js": {"lines":{"total":30,"covered":25,"skipped":0,"pct":83.33},"functions":{"total":7,"covered":5,"skipped":0,"pct":71.42},"statements":{"total":34,"covered":28,"skipped":0,"pct":82.35},"branches":{"total":12,"covered":7,"skipped":0,"pct":58.33}}
,"/Users/heshama/Desktop/Code/surveyjs-react-client-main/backend/services/scoring/conceptScoreService.js": {"lines":{"total":60,"covered":27,"skipped":0,"pct":45},"functions":{"total":12,"covered":7,"skipped":0,"pct":58.33},"statements":{"total":63,"covered":29,"skipped":0,"pct":46.03},"branches":{"total":38,"covered":18,"skipped":0,"pct":47.36}}
,"/Users/heshama/Desktop/Code/surveyjs-react-client-main/backend/services/scoring/index.js": {"lines":{"total":0,"covered":0,"skipped":0,"pct":100},"functions":{"total":0,"covered":0,"skipped":0,"pct":100},"statements":{"total":0,"covered":0,"skipped":0,"pct":100},"branches":{"total":0,"covered":0,"skipped":0,"pct":100}}
,"/Users/heshama/Desktop/Code/surveyjs-react-client-main/backend/services/scoring/peerStatsService.js": {"lines":{"total":44,"covered":0,"skipped":0,"pct":0},"functions":{"total":9,"covered":0,"skipped":0,"pct":0},"statements":{"total":56,"covered":0,"skipped":0,"pct":0},"branches":{"total":25,"covered":0,"skipped":0,"pct":0}}
,"/Users/heshama/Desktop/Code/surveyjs-react-client-main/backend/services/scoring/pgmoeAlgorithm.js": {"lines":{"total":310,"covered":251,"skipped":0,"pct":80.96},"functions":{"total":40,"covered":34,"skipped":0,"pct":85},"statements":{"total":428,"covered":344,"skipped":0,"pct":80.37},"branches":{"total":95,"covered":50,"skipped":0,"pct":52.63}}
,"/Users/heshama/Desktop/Code/surveyjs-react-client-main/backend/services/scoring/scoreComputationService.js": {"lines":{"total":33,"covered":32,"skipped":0,"pct":96.96},"functions":{"total":3,"covered":2,"skipped":0,"pct":66.66},"statements":{"total":33,"covered":32,"skipped":0,"pct":96.96},"branches":{"total":13,"covered":13,"skipped":0,"pct":100}}
,"/Users/heshama/Desktop/Code/surveyjs-react-client-main/backend/services/scoring/scoreQueryService.js": {"lines":{"total":36,"covered":7,"skipped":0,"pct":19.44},"functions":{"total":8,"covered":2,"skipped":0,"pct":25},"statements":{"total":38,"covered":7,"skipped":0,"pct":18.42},"branches":{"total":37,"covered":1,"skipped":0,"pct":2.7}}
,"/Users/heshama/Desktop/Code/surveyjs-react-client-main/backend/services/scoring/scoringStrategies.js": {"lines":{"total":12,"covered":5,"skipped":0,"pct":41.66},"functions":{"total":10,"covered":3,"skipped":0,"pct":30},"statements":{"total":18,"covered":7,"skipped":0,"pct":38.88},"branches":{"total":12,"covered":6,"skipped":0,"pct":50}}
,"/Users/heshama/Desktop/Code/surveyjs-react-client-main/backend/utils/errors.js": {"lines":{"total":20,"covered":18,"skipped":0,"pct":90},"functions":{"total":11,"covered":9,"skipped":0,"pct":81.81},"statements":{"total":21,"covered":19,"skipped":0,"pct":90.47},"branches":{"total":7,"covered":7,"skipped":0,"pct":100}}
,"/Users/heshama/Desktop/Code/surveyjs-react-client-main/backend/utils/logger.js": {"lines":{"total":18,"covered":14,"skipped":0,"pct":77.77},"functions":{"total":5,"covered":2,"skipped":0,"pct":40},"statements":{"total":18,"covered":14,"skipped":0,"pct":77.77},"branches":{"total":10,"covered":7,"skipped":0,"pct":70}}
,"/Users/heshama/Desktop/Code/surveyjs-react-client-main/backend/utils/stats.js": {"lines":{"total":7,"covered":7,"skipped":0,"pct":100},"functions":{"total":1,"covered":1,"skipped":0,"pct":100},"statements":{"total":10,"covered":8,"skipped":0,"pct":80},"branches":{"total":6,"covered":4,"skipped":0,"pct":66.66}}
,"/Users/heshama/Desktop/Code/surveyjs-react-client-main/backend/utils/withTransaction.js": {"lines":{"total":9,"covered":9,"skipped":0,"pct":100},"functions":{"total":1,"covered":1,"skipped":0,"pct":100},"statements":{"total":9,"covered":9,"skipped":0,"pct":100},"branches":{"total":0,"covered":0,"skipped":0,"pct":100}}
}
