TN:
SF:config/concepts.js
FN:36,(anonymous_0)
FNF:1
FNH:1
FNDA:20,(anonymous_0)
DA:4,5
DA:32,5
DA:35,5
DA:36,20
LF:4
LH:4
BRF:0
BRH:0
end_of_record
TN:
SF:config/database.js
FNF:0
FNH:0
DA:3,0
DA:5,0
LF:2
LH:0
BRDA:6,0,0,0
BRDA:6,0,1,0
BRDA:7,1,0,0
BRDA:7,1,1,0
BRDA:8,2,0,0
BRDA:8,2,1,0
BRDA:10,3,0,0
BRDA:10,3,1,0
BRF:8
BRH:0
end_of_record
TN:
SF:config/envValidation.js
FN:33,validateEnvironment
FN:68,(anonymous_1)
FN:73,(anonymous_2)
FNF:3
FNH:0
FNDA:0,validateEnvironment
FNDA:0,(anonymous_1)
FNDA:0,(anonymous_2)
DA:7,0
DA:16,0
DA:34,0
DA:35,0
DA:38,0
DA:39,0
DA:40,0
DA:41,0
DA:43,0
DA:49,0
DA:50,0
DA:51,0
DA:53,0
DA:54,0
DA:59,0
DA:60,0
DA:61,0
DA:66,0
DA:67,0
DA:68,0
DA:72,0
DA:73,0
DA:74,0
DA:75,0
DA:78,0
LF:25
LH:0
BRDA:33,0,0,0
BRDA:39,1,0,0
BRDA:39,1,1,0
BRDA:40,2,0,0
BRDA:40,2,1,0
BRDA:49,3,0,0
BRDA:49,3,1,0
BRDA:50,4,0,0
BRDA:50,4,1,0
BRDA:50,5,0,0
BRDA:50,5,1,0
BRDA:53,6,0,0
BRDA:53,6,1,0
BRDA:53,7,0,0
BRDA:53,7,1,0
BRDA:60,8,0,0
BRDA:60,8,1,0
BRDA:66,9,0,0
BRDA:66,9,1,0
BRDA:72,10,0,0
BRDA:72,10,1,0
BRDA:72,11,0,0
BRDA:72,11,1,0
BRF:23
BRH:0
end_of_record
TN:
SF:config/swagger.js
FNF:0
FNH:0
DA:3,0
DA:35,0
LF:2
LH:0
BRF:0
BRH:0
end_of_record
TN:
SF:routes/admin.js
FN:20,(anonymous_0)
FN:44,(anonymous_1)
FN:67,(anonymous_2)
FN:95,(anonymous_3)
FN:103,(anonymous_4)
FN:153,(anonymous_5)
FN:175,(anonymous_6)
FN:183,(anonymous_7)
FN:192,(anonymous_8)
FN:208,(anonymous_9)
FN:231,(anonymous_10)
FN:248,(anonymous_11)
FN:253,(anonymous_12)
FNF:13
FNH:5
FNDA:4,(anonymous_0)
FNDA:0,(anonymous_1)
FNDA:3,(anonymous_2)
FNDA:2,(anonymous_3)
FNDA:2,(anonymous_4)
FNDA:1,(anonymous_5)
FNDA:0,(anonymous_6)
FNDA:0,(anonymous_7)
FNDA:0,(anonymous_8)
FNDA:0,(anonymous_9)
FNDA:0,(anonymous_10)
FNDA:0,(anonymous_11)
FNDA:0,(anonymous_12)
DA:11,1
DA:14,1
DA:17,1
DA:20,1
DA:21,4
DA:23,4
DA:24,1
DA:27,3
DA:35,3
DA:36,2
DA:37,2
DA:40,1
DA:44,1
DA:45,0
DA:47,0
DA:48,0
DA:56,0
DA:63,0
DA:67,1
DA:68,3
DA:69,3
DA:70,3
DA:72,3
DA:73,1
DA:76,2
DA:77,1
DA:81,1
DA:88,1
DA:89,1
DA:95,1
DA:96,2
DA:99,2
DA:103,1
DA:104,2
DA:106,2
DA:115,2
DA:121,2
DA:122,2
DA:123,0
DA:127,2
DA:139,2
DA:140,2
DA:141,0
DA:153,2
DA:171,2
DA:175,1
DA:176,0
DA:177,0
DA:178,0
DA:179,0
DA:183,1
DA:184,0
DA:192,0
DA:204,0
DA:208,1
DA:209,0
DA:231,0
DA:244,0
DA:248,1
DA:249,0
DA:250,0
DA:253,1
DA:254,0
DA:255,0
LF:64
LH:43
BRDA:21,0,0,4
BRDA:21,0,1,0
BRDA:23,1,0,1
BRDA:23,1,1,3
BRDA:35,2,0,2
BRDA:35,2,1,1
BRDA:36,3,0,1
BRDA:36,3,1,1
BRDA:56,4,0,0
BRDA:56,4,1,0
BRDA:57,5,0,0
BRDA:57,5,1,0
BRDA:69,6,0,3
BRDA:69,6,1,0
BRDA:72,7,0,1
BRDA:72,7,1,2
BRDA:76,8,0,1
BRDA:76,8,1,1
BRDA:76,9,0,2
BRDA:76,9,1,1
BRDA:145,10,0,0
BRDA:145,10,1,0
BRDA:155,11,0,1
BRDA:155,11,1,0
BRDA:159,12,0,1
BRDA:159,12,1,1
BRDA:160,13,0,1
BRDA:160,13,1,1
BRDA:161,14,0,1
BRDA:161,14,1,1
BRDA:162,15,0,1
BRDA:162,15,1,1
BRDA:163,16,0,1
BRDA:163,16,1,1
BRDA:164,17,0,1
BRDA:164,17,1,1
BRDA:165,18,0,1
BRDA:165,18,1,1
BRDA:166,19,0,1
BRDA:166,19,1,1
BRDA:167,20,0,1
BRDA:167,20,1,1
BRDA:196,21,0,0
BRDA:196,21,1,0
BRDA:197,22,0,0
BRDA:197,22,1,0
BRDA:235,23,0,0
BRDA:235,23,1,0
BRDA:239,24,0,0
BRDA:239,24,1,0
BRDA:241,25,0,0
BRDA:241,25,1,0
BRDA:242,26,0,0
BRDA:242,26,1,0
BRF:54
BRH:33
end_of_record
TN:
SF:routes/annotations.js
FN:12,(anonymous_0)
FN:20,(anonymous_1)
FNF:2
FNH:2
FNDA:1,(anonymous_0)
FNDA:1,(anonymous_1)
DA:8,1
DA:9,1
DA:12,1
DA:13,1
DA:14,1
DA:15,1
DA:16,1
DA:20,1
DA:21,1
DA:22,1
DA:23,1
LF:11
LH:11
BRF:0
BRH:0
end_of_record
TN:
SF:routes/auth.js
FN:72,(anonymous_0)
FNF:1
FNH:1
FNDA:2,(anonymous_0)
DA:12,1
DA:15,1
DA:60,1
DA:66,1
DA:69,1
DA:72,1
DA:73,2
DA:74,2
DA:77,0
DA:78,0
DA:81,0
DA:82,0
DA:83,0
DA:84,0
DA:85,0
LF:15
LH:8
BRDA:73,0,0,2
BRDA:73,0,1,0
BRDA:77,1,0,0
BRDA:77,1,1,0
BRDA:77,2,0,0
BRDA:77,2,1,0
BRDA:81,3,0,0
BRDA:81,3,1,0
BRF:8
BRH:1
end_of_record
TN:
SF:routes/chat.js
FN:18,(anonymous_0)
FN:24,(anonymous_1)
FN:46,(anonymous_2)
FN:66,(anonymous_3)
FN:84,(anonymous_4)
FN:90,(anonymous_5)
FNF:6
FNH:4
FNDA:0,(anonymous_0)
FNDA:2,(anonymous_1)
FNDA:6,(anonymous_2)
FNDA:3,(anonymous_3)
FNDA:0,(anonymous_4)
FNDA:1,(anonymous_5)
DA:15,1
DA:16,1
DA:18,1
DA:19,0
DA:20,0
DA:21,0
DA:24,1
DA:25,2
DA:26,2
DA:28,2
DA:29,1
DA:30,1
DA:31,1
DA:35,1
DA:36,1
DA:46,1
DA:47,6
DA:48,6
DA:50,6
DA:51,3
DA:53,3
DA:54,1
DA:57,2
DA:58,1
DA:66,1
DA:67,3
DA:68,3
DA:70,3
DA:73,2
DA:77,2
DA:79,1
DA:80,1
DA:81,1
DA:84,1
DA:85,0
DA:86,0
DA:87,0
DA:90,1
DA:91,1
DA:92,1
DA:94,1
DA:96,1
DA:97,1
LF:43
LH:37
BRDA:28,0,0,1
BRDA:28,0,1,1
BRDA:30,1,0,1
BRDA:30,1,1,0
BRDA:50,2,0,3
BRDA:50,2,1,3
BRDA:50,3,0,6
BRDA:50,3,1,4
BRDA:50,3,2,4
BRDA:53,4,0,1
BRDA:53,4,1,2
BRDA:68,5,0,3
BRDA:70,6,0,1
BRDA:70,6,1,2
BRDA:77,7,0,1
BRDA:77,7,1,1
BRDA:79,8,0,1
BRDA:79,8,1,0
BRDA:80,9,0,1
BRDA:80,9,1,1
BRDA:94,10,0,0
BRDA:94,10,1,1
BRF:22
BRH:19
end_of_record
TN:
SF:routes/index.js
FNF:0
FNH:0
DA:17,0
DA:20,0
DA:23,0
DA:24,0
DA:26,0
DA:27,0
DA:30,0
DA:31,0
DA:32,0
DA:33,0
DA:34,0
DA:35,0
DA:36,0
DA:37,0
LF:14
LH:0
BRF:0
BRH:0
end_of_record
TN:
SF:routes/lms.js
FN:22,runSyncJob
FN:31,(anonymous_1)
FN:32,(anonymous_2)
FN:62,(anonymous_3)
FN:82,(anonymous_4)
FN:97,(anonymous_5)
FN:115,(anonymous_6)
FN:133,(anonymous_7)
FN:134,(anonymous_8)
FN:153,(anonymous_9)
FN:163,(anonymous_10)
FNF:11
FNH:10
FNDA:2,runSyncJob
FNDA:3,(anonymous_1)
FNDA:3,(anonymous_2)
FNDA:3,(anonymous_3)
FNDA:1,(anonymous_4)
FNDA:2,(anonymous_5)
FNDA:2,(anonymous_6)
FNDA:2,(anonymous_7)
FNDA:0,(anonymous_8)
FNDA:2,(anonymous_9)
FNDA:2,(anonymous_10)
DA:11,1
DA:12,1
DA:20,1
DA:23,2
DA:24,2
DA:25,2
DA:27,2
DA:28,2
DA:30,2
DA:32,3
DA:33,3
DA:34,3
DA:35,3
DA:36,0
DA:37,0
DA:39,0
DA:40,0
DA:43,3
DA:44,3
DA:46,3
DA:51,2
DA:52,2
DA:53,2
DA:54,2
DA:55,2
DA:62,1
DA:63,3
DA:65,3
DA:66,1
DA:69,2
DA:70,2
DA:71,1
DA:73,1
DA:74,1
DA:82,1
DA:83,1
DA:97,2
DA:115,1
DA:116,2
DA:120,2
DA:121,2
DA:133,2
DA:134,2
DA:135,0
DA:136,0
DA:137,0
DA:138,0
DA:139,0
DA:141,0
DA:145,2
DA:146,2
DA:153,1
DA:154,2
DA:155,2
DA:156,1
DA:163,1
DA:164,2
DA:166,2
DA:170,2
DA:172,1
DA:173,1
LF:61
LH:51
BRDA:35,0,0,0
BRDA:35,0,1,0
BRDA:63,1,0,3
BRDA:63,1,1,2
BRDA:65,2,0,1
BRDA:65,2,1,2
BRDA:101,3,0,2
BRDA:101,3,1,0
BRDA:102,4,0,2
BRDA:102,4,1,1
BRDA:136,5,0,0
BRDA:136,5,1,0
BRDA:155,6,0,1
BRDA:155,6,1,1
BRDA:170,7,0,1
BRDA:170,7,1,1
BRF:16
BRH:11
end_of_record
TN:
SF:routes/mood.js
FN:11,extractConstructs
FN:26,(anonymous_1)
FN:51,(anonymous_2)
FN:59,(anonymous_3)
FN:65,(anonymous_4)
FN:67,(anonymous_5)
FN:68,(anonymous_6)
FN:71,(anonymous_7)
FN:85,(anonymous_8)
FN:111,(anonymous_9)
FN:124,(anonymous_10)
FN:127,(anonymous_11)
FN:129,(anonymous_12)
FN:136,(anonymous_13)
FN:140,(anonymous_14)
FN:151,(anonymous_15)
FN:153,(anonymous_16)
FN:158,(anonymous_17)
FN:160,(anonymous_18)
FN:163,(anonymous_19)
FN:171,(anonymous_20)
FNF:21
FNH:21
FNDA:5,extractConstructs
FNDA:5,(anonymous_1)
FNDA:2,(anonymous_2)
FNDA:1,(anonymous_3)
FNDA:1,(anonymous_4)
FNDA:2,(anonymous_5)
FNDA:2,(anonymous_6)
FNDA:2,(anonymous_7)
FNDA:6,(anonymous_8)
FNDA:4,(anonymous_9)
FNDA:4,(anonymous_10)
FNDA:1,(anonymous_11)
FNDA:1,(anonymous_12)
FNDA:1,(anonymous_13)
FNDA:1,(anonymous_14)
FNDA:1,(anonymous_15)
FNDA:2,(anonymous_16)
FNDA:1,(anonymous_17)
FNDA:1,(anonymous_18)
FNDA:2,(anonymous_19)
FNDA:3,(anonymous_20)
DA:7,1
DA:8,1
DA:12,5
DA:13,5
DA:14,5
DA:15,5
DA:16,5
DA:17,5
DA:22,5
DA:26,1
DA:27,5
DA:28,5
DA:30,5
DA:31,5
DA:32,1
DA:35,4
DA:37,3
DA:38,3
DA:40,2
DA:42,2
DA:43,2
DA:44,2
DA:46,2
DA:51,2
DA:56,2
DA:57,1
DA:59,1
DA:65,1
DA:66,1
DA:67,2
DA:68,2
DA:70,1
DA:71,2
DA:72,1
DA:81,1
DA:85,1
DA:86,6
DA:87,6
DA:89,6
DA:90,6
DA:91,1
DA:94,5
DA:96,4
DA:97,4
DA:99,3
DA:101,3
DA:102,3
DA:103,3
DA:105,3
DA:111,3
DA:112,4
DA:113,4
DA:114,4
DA:123,3
DA:124,4
DA:126,3
DA:127,1
DA:128,1
DA:129,1
DA:130,1
DA:131,1
DA:133,1
DA:135,2
DA:136,1
DA:137,1
DA:138,1
DA:139,1
DA:140,1
DA:141,1
DA:142,1
DA:144,1
DA:147,1
DA:148,1
DA:149,2
DA:150,1
DA:151,1
DA:153,2
DA:154,2
DA:155,2
DA:158,1
DA:159,1
DA:160,1
DA:161,1
DA:162,1
DA:163,2
DA:166,1
DA:170,3
DA:171,3
LF:88
LH:88
BRDA:13,0,0,5
BRDA:13,0,1,0
BRDA:15,1,0,5
BRDA:15,1,1,0
BRDA:16,2,0,5
BRDA:16,2,1,0
BRDA:16,3,0,5
BRDA:16,3,1,5
BRDA:31,4,0,1
BRDA:31,4,1,4
BRDA:31,5,0,5
BRDA:31,5,1,1
BRDA:35,6,0,1
BRDA:35,6,1,3
BRDA:38,7,0,1
BRDA:38,7,1,2
BRDA:43,8,0,0
BRDA:43,8,1,2
BRDA:44,9,0,0
BRDA:44,9,1,2
BRDA:53,10,0,2
BRDA:53,10,1,0
BRDA:56,11,0,1
BRDA:56,11,1,1
BRDA:68,12,0,2
BRDA:68,12,1,2
BRDA:70,13,0,0
BRDA:70,13,1,1
BRDA:90,14,0,1
BRDA:90,14,1,5
BRDA:90,15,0,6
BRDA:90,15,1,3
BRDA:94,16,0,1
BRDA:94,16,1,4
BRDA:97,17,0,1
BRDA:97,17,1,3
BRDA:102,18,0,1
BRDA:102,18,1,2
BRDA:103,19,0,1
BRDA:103,19,1,2
BRDA:112,20,0,4
BRDA:112,20,1,0
BRDA:126,21,0,1
BRDA:126,21,1,2
BRDA:131,22,0,1
BRDA:131,22,1,0
BRDA:131,23,0,1
BRDA:131,23,1,1
BRDA:135,24,0,1
BRDA:135,24,1,1
BRDA:142,25,0,1
BRDA:142,25,1,0
BRDA:142,26,0,1
BRDA:142,26,1,1
BRDA:149,27,0,1
BRDA:149,27,1,1
BRDA:155,28,0,2
BRDA:155,28,1,0
BRDA:155,29,0,2
BRDA:155,29,1,2
BRDA:162,30,0,1
BRDA:162,30,1,0
BRDA:173,31,0,3
BRDA:173,31,1,1
BRF:64
BRH:52
end_of_record
TN:
SF:routes/profile.js
FN:14,(anonymous_0)
FN:29,(anonymous_1)
FN:56,(anonymous_2)
FNF:3
FNH:3
FNDA:2,(anonymous_0)
FNDA:1,(anonymous_1)
FNDA:1,(anonymous_2)
DA:8,1
DA:11,1
DA:14,1
DA:15,2
DA:16,2
DA:18,2
DA:23,2
DA:25,1
DA:29,1
DA:30,1
DA:31,1
DA:33,1
DA:36,1
DA:51,1
DA:52,1
DA:56,1
DA:57,1
DA:58,1
DA:60,1
DA:68,1
DA:69,1
LF:21
LH:21
BRDA:16,0,0,0
BRDA:16,0,1,2
BRDA:23,1,0,1
BRDA:23,1,1,1
BRDA:31,2,0,0
BRDA:31,2,1,1
BRDA:48,3,0,1
BRDA:48,3,1,0
BRDA:48,4,0,1
BRDA:48,4,1,0
BRDA:48,5,0,1
BRDA:48,5,1,1
BRDA:48,6,0,1
BRDA:48,6,1,1
BRDA:48,7,0,1
BRDA:48,7,1,1
BRDA:58,8,0,0
BRDA:58,8,1,1
BRF:18
BRH:13
end_of_record
TN:
SF:routes/results.js
FN:13,(anonymous_0)
FN:36,(anonymous_1)
FNF:2
FNH:1
FNDA:5,(anonymous_0)
FNDA:0,(anonymous_1)
DA:10,1
DA:13,1
DA:14,5
DA:15,5
DA:16,3
DA:18,2
DA:19,2
DA:20,2
DA:22,2
DA:27,2
DA:28,1
DA:30,1
DA:31,1
DA:32,1
DA:36,1
DA:37,0
DA:41,2
DA:42,2
LF:18
LH:17
BRDA:14,0,0,5
BRDA:14,0,1,0
BRDA:15,1,0,3
BRDA:15,1,1,2
BRDA:15,2,0,5
BRDA:15,2,1,3
BRDA:19,3,0,2
BRDA:19,3,1,1
BRDA:27,4,0,1
BRDA:27,4,1,1
BRDA:31,5,0,1
BRDA:31,5,1,0
BRF:12
BRH:10
end_of_record
TN:
SF:routes/scores.js
FN:36,(anonymous_0)
FN:102,(anonymous_1)
FN:104,(anonymous_2)
FN:156,(anonymous_3)
FNF:4
FNH:4
FNDA:2,(anonymous_0)
FNDA:1,(anonymous_1)
FNDA:1,(anonymous_2)
FNDA:2,(anonymous_3)
DA:26,1
DA:29,1
DA:36,1
DA:37,2
DA:38,2
DA:40,2
DA:49,2
DA:55,2
DA:56,2
DA:57,2
DA:58,0
DA:59,0
DA:63,2
DA:75,2
DA:76,2
DA:77,0
DA:90,2
DA:95,2
DA:97,2
DA:102,2
DA:104,2
DA:127,2
DA:128,8
DA:129,0
DA:130,0
DA:131,0
DA:149,2
DA:156,1
DA:157,2
DA:158,2
DA:160,2
DA:162,2
DA:169,2
DA:171,1
DA:172,1
LF:35
LH:29
BRDA:38,0,0,0
BRDA:38,0,1,2
BRDA:59,1,0,0
BRDA:59,1,1,0
BRDA:81,2,0,0
BRDA:81,2,1,0
BRDA:106,3,0,1
BRDA:106,3,1,0
BRDA:110,4,0,1
BRDA:110,4,1,1
BRDA:112,5,0,1
BRDA:112,5,1,1
BRDA:112,5,2,1
BRDA:113,6,0,1
BRDA:113,6,1,1
BRDA:114,7,0,1
BRDA:114,7,1,1
BRDA:115,8,0,1
BRDA:115,8,1,1
BRDA:116,9,0,1
BRDA:116,9,1,1
BRDA:117,10,0,1
BRDA:117,10,1,1
BRDA:118,11,0,1
BRDA:118,11,1,1
BRDA:119,12,0,1
BRDA:119,12,1,1
BRDA:120,13,0,1
BRDA:120,13,1,1
BRDA:128,14,0,0
BRDA:128,14,1,8
BRDA:128,15,0,8
BRDA:128,15,1,7
BRDA:129,16,0,0
BRDA:129,16,1,0
BRDA:130,17,0,0
BRDA:130,17,1,0
BRDA:158,18,0,0
BRDA:158,18,1,2
BRDA:169,19,0,1
BRDA:169,19,1,1
BRF:41
BRH:29
end_of_record
TN:
SF:routes/screen-time.js
FN:15,(anonymous_0)
FN:36,(anonymous_1)
FN:78,(anonymous_2)
FNF:3
FNH:2
FNDA:2,(anonymous_0)
FNDA:4,(anonymous_1)
FNDA:0,(anonymous_2)
DA:9,1
DA:11,1
DA:15,1
DA:16,2
DA:17,2
DA:19,2
DA:30,2
DA:36,1
DA:37,4
DA:38,4
DA:40,4
DA:42,4
DA:43,2
DA:46,2
DA:47,2
DA:48,2
DA:51,2
DA:55,2
DA:59,2
DA:78,2
DA:80,2
LF:21
LH:21
BRDA:17,0,0,0
BRDA:17,0,1,2
BRDA:30,1,0,2
BRDA:30,1,1,1
BRDA:38,2,0,0
BRDA:38,2,1,4
BRDA:42,3,0,2
BRDA:42,3,1,2
BRDA:42,4,0,4
BRDA:42,4,1,3
BRDA:42,4,2,2
BRDA:55,5,0,1
BRDA:55,5,1,1
BRF:13
BRH:11
end_of_record
TN:
SF:routes/sleep.js
FN:16,(anonymous_0)
FN:38,(anonymous_1)
FN:54,(anonymous_2)
FN:67,(anonymous_3)
FN:82,(anonymous_4)
FN:96,(anonymous_5)
FN:132,(anonymous_6)
FNF:7
FNH:6
FNDA:2,(anonymous_0)
FNDA:4,(anonymous_1)
FNDA:3,(anonymous_2)
FNDA:1,(anonymous_3)
FNDA:3,(anonymous_4)
FNDA:3,(anonymous_5)
FNDA:0,(anonymous_6)
DA:9,1
DA:11,1
DA:16,1
DA:17,2
DA:18,2
DA:20,2
DA:32,2
DA:38,1
DA:39,4
DA:40,4
DA:42,4
DA:43,4
DA:44,2
DA:50,2
DA:51,2
DA:52,2
DA:54,2
DA:55,3
DA:56,3
DA:57,3
DA:58,3
DA:62,3
DA:63,3
DA:67,2
DA:70,2
DA:71,2
DA:72,2
DA:74,2
DA:76,1
DA:80,2
DA:82,3
DA:83,2
DA:84,2
DA:85,2
DA:87,2
DA:90,2
DA:91,2
DA:92,2
DA:96,3
DA:99,2
DA:102,2
DA:105,2
DA:108,2
DA:132,2
DA:134,2
LF:45
LH:45
BRDA:18,0,0,0
BRDA:18,0,1,2
BRDA:32,1,0,2
BRDA:32,1,1,1
BRDA:40,2,0,0
BRDA:40,2,1,4
BRDA:43,3,0,2
BRDA:43,3,1,2
BRDA:43,4,0,4
BRDA:43,4,1,3
BRDA:62,5,0,2
BRDA:62,5,1,1
BRDA:74,6,0,1
BRDA:74,6,1,1
BRDA:82,7,0,1
BRDA:82,7,1,2
BRDA:85,8,0,2
BRDA:85,8,1,0
BRDA:85,9,0,2
BRDA:85,9,1,0
BRDA:90,10,0,2
BRDA:90,10,1,0
BRF:22
BRH:17
end_of_record
TN:
SF:routes/surveys.js
FN:14,(anonymous_0)
FN:17,(anonymous_1)
FN:43,(anonymous_2)
FN:80,(anonymous_3)
FN:86,(anonymous_4)
FN:93,(anonymous_5)
FNF:6
FNH:4
FNDA:4,(anonymous_0)
FNDA:0,(anonymous_1)
FNDA:0,(anonymous_2)
FNDA:2,(anonymous_3)
FNDA:2,(anonymous_4)
FNDA:3,(anonymous_5)
DA:8,1
DA:11,1
DA:14,4
DA:17,1
DA:43,1
DA:44,0
DA:46,0
DA:48,0
DA:50,0
DA:51,0
DA:52,0
DA:56,0
DA:59,0
DA:60,0
DA:61,0
DA:62,0
DA:63,0
DA:64,0
DA:68,0
DA:71,0
DA:74,0
DA:75,0
DA:80,1
DA:81,2
DA:82,2
DA:86,1
DA:87,2
DA:88,2
DA:89,2
DA:93,1
DA:94,3
DA:96,3
DA:97,1
DA:99,3
DA:103,3
DA:104,2
DA:105,2
LF:37
LH:20
BRDA:48,0,0,0
BRDA:48,0,1,0
BRDA:60,1,0,0
BRDA:60,1,1,0
BRDA:61,2,0,0
BRDA:61,2,1,0
BRDA:62,3,0,0
BRDA:62,3,1,0
BRDA:62,4,0,0
BRDA:62,4,1,0
BRDA:89,5,0,1
BRDA:89,5,1,1
BRDA:94,6,0,3
BRDA:94,6,1,0
BRDA:96,7,0,1
BRDA:96,7,1,2
BRDA:96,8,0,3
BRDA:96,8,1,3
BRDA:103,9,0,1
BRDA:103,9,1,2
BRF:20
BRH:9
end_of_record
TN:
SF:services/scoring/clusterPeerService.js
FN:76,mapToRange
FN:87,computeCompositeScore
FN:91,(anonymous_2)
FN:91,(anonymous_3)
FN:91,(anonymous_4)
FN:109,(anonymous_5)
FN:131,computeClusterScores
FN:167,(anonymous_7)
FN:167,(anonymous_8)
FN:167,(anonymous_9)
FN:173,(anonymous_10)
FN:174,(anonymous_11)
FN:207,(anonymous_12)
FN:210,(anonymous_13)
FN:211,(anonymous_14)
FN:218,(anonymous_15)
FN:227,(anonymous_16)
FN:231,(anonymous_17)
FN:240,(anonymous_18)
FN:242,(anonymous_19)
FN:246,(anonymous_20)
FN:250,(anonymous_21)
FN:262,(anonymous_22)
FN:263,(anonymous_23)
FN:264,(anonymous_24)
FN:275,(anonymous_25)
FN:282,(anonymous_26)
FN:309,computeSRLClusterScores
FN:325,(anonymous_28)
FN:326,(anonymous_29)
FN:347,(anonymous_30)
FN:356,(anonymous_31)
FN:360,(anonymous_32)
FN:361,(anonymous_33)
FN:370,(anonymous_34)
FN:378,(anonymous_35)
FN:380,(anonymous_36)
FN:384,(anonymous_37)
FN:387,(anonymous_38)
FN:395,(anonymous_39)
FN:396,(anonymous_40)
FN:397,(anonymous_41)
FN:407,(anonymous_42)
FN:413,(anonymous_43)
FNF:44
FNH:27
FNDA:6,mapToRange
FNDA:401,computeCompositeScore
FNDA:194280,(anonymous_2)
FNDA:194280,(anonymous_3)
FNDA:199881,(anonymous_4)
FNDA:1604,(anonymous_5)
FNDA:9,computeClusterScores
FNDA:1580,(anonymous_7)
FNDA:1580,(anonymous_8)
FNDA:1611,(anonymous_9)
FNDA:395,(anonymous_10)
FNDA:1580,(anonymous_11)
FNDA:200,(anonymous_12)
FNDA:200,(anonymous_13)
FNDA:200,(anonymous_14)
FNDA:790,(anonymous_15)
FNDA:1,(anonymous_16)
FNDA:395,(anonymous_17)
FNDA:790,(anonymous_18)
FNDA:395,(anonymous_19)
FNDA:6,(anonymous_20)
FNDA:12,(anonymous_21)
FNDA:395,(anonymous_22)
FNDA:199,(anonymous_23)
FNDA:216,(anonymous_24)
FNDA:6,(anonymous_25)
FNDA:24,(anonymous_26)
FNDA:0,computeSRLClusterScores
FNDA:0,(anonymous_28)
FNDA:0,(anonymous_29)
FNDA:0,(anonymous_30)
FNDA:0,(anonymous_31)
FNDA:0,(anonymous_32)
FNDA:0,(anonymous_33)
FNDA:0,(anonymous_34)
FNDA:0,(anonymous_35)
FNDA:0,(anonymous_36)
FNDA:0,(anonymous_37)
FNDA:0,(anonymous_38)
FNDA:0,(anonymous_39)
FNDA:0,(anonymous_40)
FNDA:0,(anonymous_41)
FNDA:0,(anonymous_42)
FNDA:0,(anonymous_43)
DA:47,1
DA:77,6
DA:78,6
DA:88,401
DA:90,401
DA:91,199881
DA:92,1604
DA:95,1604
DA:96,1604
DA:97,1604
DA:98,1604
DA:99,1604
DA:102,1604
DA:104,1604
DA:107,401
DA:109,1604
DA:110,401
DA:129,1
DA:132,9
DA:134,9
DA:135,1
DA:136,1
DA:140,8
DA:141,0
DA:142,0
DA:143,0
DA:144,0
DA:146,0
DA:149,8
DA:150,8
DA:152,7
DA:155,7
DA:156,1
DA:157,1
DA:159,6
DA:164,6
DA:165,6
DA:166,24
DA:167,1611
DA:168,24
DA:169,24
DA:170,24
DA:173,6
DA:174,395
DA:175,1580
DA:176,1580
DA:177,1580
DA:179,1580
DA:181,1580
DA:183,1580
DA:184,1580
DA:189,6
DA:192,6
DA:193,6
DA:200,6
DA:201,6
DA:203,6
DA:204,4
DA:205,4
DA:207,2
DA:208,200
DA:210,200
DA:211,200
DA:214,6
DA:215,6
DA:216,6
DA:217,6
DA:218,790
DA:220,6
DA:227,1
DA:231,395
DA:238,6
DA:239,6
DA:240,790
DA:241,12
DA:242,395
DA:244,12
DA:246,6
DA:249,6
DA:250,6
DA:251,12
DA:255,6
DA:256,6
DA:257,6
DA:258,6
DA:261,6
DA:262,395
DA:263,199
DA:264,216
DA:266,6
DA:267,6
DA:268,6
DA:269,6
DA:271,6
DA:272,6
DA:275,6
DA:276,6
DA:277,6
DA:281,6
DA:282,6
DA:283,24
DA:284,24
DA:285,24
DA:293,6
DA:310,0
DA:311,0
DA:314,0
DA:315,0
DA:316,0
DA:318,0
DA:320,0
DA:322,0
DA:325,0
DA:326,0
DA:327,0
DA:328,0
DA:329,0
DA:330,0
DA:331,0
DA:336,0
DA:338,0
DA:339,0
DA:343,0
DA:344,0
DA:345,0
DA:346,0
DA:347,0
DA:349,0
DA:356,0
DA:360,0
DA:361,0
DA:362,0
DA:363,0
DA:364,0
DA:365,0
DA:366,0
DA:368,0
DA:370,0
DA:376,0
DA:377,0
DA:378,0
DA:379,0
DA:380,0
DA:382,0
DA:384,0
DA:386,0
DA:387,0
DA:389,0
DA:390,0
DA:391,0
DA:392,0
DA:394,0
DA:395,0
DA:396,0
DA:397,0
DA:399,0
DA:400,0
DA:401,0
DA:402,0
DA:404,0
DA:405,0
DA:407,0
DA:408,0
DA:409,0
DA:413,0
DA:414,0
DA:415,0
DA:416,0
DA:417,0
DA:418,0
DA:419,0
DA:420,0
DA:428,0
LF:173
LH:99
BRDA:77,0,0,0
BRDA:77,0,1,6
BRDA:92,1,0,0
BRDA:92,1,1,1604
BRDA:99,2,0,898
BRDA:99,2,1,706
BRDA:102,3,0,0
BRDA:102,3,1,1604
BRDA:107,4,0,0
BRDA:107,4,1,401
BRDA:131,5,0,9
BRDA:134,6,0,1
BRDA:134,6,1,8
BRDA:140,7,0,0
BRDA:140,7,1,8
BRDA:142,8,0,0
BRDA:142,8,1,0
BRDA:150,9,0,1
BRDA:150,9,1,7
BRDA:155,10,0,1
BRDA:155,10,1,6
BRDA:176,11,0,1580
BRDA:176,11,1,0
BRDA:181,12,0,880
BRDA:181,12,1,700
BRDA:183,13,0,0
BRDA:183,13,1,1580
BRDA:203,14,0,4
BRDA:203,14,1,2
BRDA:241,15,0,12
BRDA:241,15,1,0
BRDA:283,16,0,12
BRDA:283,16,1,12
BRDA:283,17,0,8
BRDA:283,17,1,4
BRDA:284,18,0,12
BRDA:284,18,1,12
BRDA:284,19,0,8
BRDA:284,19,1,4
BRDA:311,20,0,0
BRDA:311,20,1,0
BRDA:320,21,0,0
BRDA:320,21,1,0
BRDA:328,22,0,0
BRDA:328,22,1,0
BRDA:330,23,0,0
BRDA:330,23,1,0
BRDA:363,24,0,0
BRDA:363,24,1,0
BRDA:365,25,0,0
BRDA:365,25,1,0
BRDA:379,26,0,0
BRDA:379,26,1,0
BRDA:415,27,0,0
BRDA:415,27,1,0
BRDA:417,28,0,0
BRDA:417,28,1,0
BRDA:418,29,0,0
BRDA:418,29,1,0
BRDA:418,30,0,0
BRDA:418,30,1,0
BRDA:419,31,0,0
BRDA:419,31,1,0
BRDA:419,32,0,0
BRDA:419,32,1,0
BRF:65
BRH:29
end_of_record
TN:
SF:services/scoring/clusterStorageService.js
FN:14,storeClusterResults
FN:15,(anonymous_1)
FN:25,(anonymous_2)
FN:26,(anonymous_3)
FN:26,(anonymous_4)
FN:62,storeUserAssignment
FN:100,storeDiagnostics
FNF:7
FNH:5
FNDA:2,storeClusterResults
FNDA:2,(anonymous_1)
FNDA:8,(anonymous_2)
FNDA:4,(anonymous_3)
FNDA:0,(anonymous_4)
FNDA:4,storeUserAssignment
FNDA:0,storeDiagnostics
DA:15,2
DA:17,2
DA:22,2
DA:23,2
DA:24,4
DA:25,8
DA:26,4
DA:28,4
DA:29,4
DA:30,4
DA:31,4
DA:33,4
DA:51,2
DA:52,1
DA:53,1
DA:55,1
DA:56,1
DA:58,0
DA:63,4
DA:71,4
DA:73,4
DA:75,2
DA:76,1
DA:80,2
DA:81,2
DA:83,1
DA:101,0
DA:102,0
DA:103,0
DA:122,0
LF:30
LH:25
BRDA:14,0,0,1
BRDA:45,1,0,4
BRDA:45,1,1,0
BRDA:51,2,0,1
BRDA:51,2,1,1
BRDA:62,3,0,2
BRDA:73,4,0,2
BRDA:73,4,1,2
BRDA:113,5,0,0
BRDA:113,5,1,0
BRDA:114,6,0,0
BRDA:114,6,1,0
BRF:12
BRH:7
end_of_record
TN:
SF:services/scoring/conceptScoreService.js
FN:46,computeScore
FN:85,calculateTrend
FN:107,getYesterdayScore
FN:129,storeScore
FN:130,(anonymous_4)
FN:170,computeAndStoreScore
FN:197,computeAndStoreRawScore
FN:203,(anonymous_7)
FN:206,(anonymous_8)
FN:248,formatScoreForChatbot
FN:267,getAllScoresForChatbot
FN:296,getScoreForChatbot
FNF:12
FNH:7
FNDA:0,computeScore
FNDA:10,calculateTrend
FNDA:2,getYesterdayScore
FNDA:2,storeScore
FNDA:2,(anonymous_4)
FNDA:0,computeAndStoreScore
FNDA:3,computeAndStoreRawScore
FNDA:9,(anonymous_7)
FNDA:3,(anonymous_8)
FNDA:0,formatScoreForChatbot
FNDA:0,getAllScoresForChatbot
FNDA:0,getScoreForChatbot
DA:33,1
DA:47,0
DA:48,0
DA:52,0
DA:55,0
DA:56,0
DA:58,0
DA:59,0
DA:60,0
DA:61,0
DA:63,0
DA:64,0
DA:73,0
DA:75,0
DA:86,10
DA:87,3
DA:90,7
DA:92,7
DA:93,2
DA:94,5
DA:95,1
DA:97,4
DA:108,2
DA:117,2
DA:130,2
DA:132,2
DA:146,2
DA:158,2
DA:172,0
DA:175,0
DA:178,0
DA:181,0
DA:183,0
DA:198,3
DA:199,1
DA:203,9
DA:206,3
DA:207,2
DA:210,2
DA:211,2
DA:212,3
DA:225,2
DA:228,2
DA:231,2
DA:233,2
DA:249,0
DA:255,0
DA:256,0
DA:258,0
DA:268,0
DA:276,0
DA:277,0
DA:280,0
DA:282,0
DA:283,0
DA:286,0
DA:297,0
DA:303,0
DA:304,0
DA:307,0
LF:60
LH:27
BRDA:46,0,0,0
BRDA:47,1,0,0
BRDA:47,1,1,0
BRDA:47,2,0,0
BRDA:47,2,1,0
BRDA:86,3,0,3
BRDA:86,3,1,7
BRDA:86,4,0,10
BRDA:86,4,1,8
BRDA:92,5,0,2
BRDA:92,5,1,5
BRDA:94,6,0,1
BRDA:94,6,1,4
BRDA:117,7,0,1
BRDA:117,7,1,1
BRDA:170,8,0,0
BRDA:198,9,0,1
BRDA:198,9,1,2
BRDA:198,10,0,3
BRDA:198,10,1,3
BRDA:203,11,0,9
BRDA:203,11,1,0
BRDA:203,12,0,0
BRDA:203,12,1,0
BRDA:218,13,0,3
BRDA:218,13,1,0
BRDA:219,14,0,3
BRDA:219,14,1,0
BRDA:220,15,0,3
BRDA:220,15,1,0
BRDA:255,16,0,0
BRDA:255,16,1,0
BRDA:256,17,0,0
BRDA:256,17,1,0
BRDA:276,18,0,0
BRDA:276,18,1,0
BRDA:303,19,0,0
BRDA:303,19,1,0
BRF:38
BRH:18
end_of_record
TN:
SF:services/scoring/index.js
FNF:0
FNH:0
LF:0
LH:0
BRF:0
BRH:0
end_of_record
TN:
SF:services/scoring/peerStatsService.js
FN:28,zScoreToCategory
FN:37,computeStats
FN:40,(anonymous_2)
FN:41,(anonymous_3)
FN:48,zScore
FN:93,computePeerZScores
FN:114,(anonymous_6)
FN:114,(anonymous_7)
FN:139,computeSRLZScores
FNF:9
FNH:0
FNDA:0,zScoreToCategory
FNDA:0,computeStats
FNDA:0,(anonymous_2)
FNDA:0,(anonymous_3)
FNDA:0,zScore
FNDA:0,computePeerZScores
FNDA:0,(anonymous_6)
FNDA:0,(anonymous_7)
FNDA:0,computeSRLZScores
DA:17,0
DA:29,0
DA:30,0
DA:31,0
DA:38,0
DA:39,0
DA:40,0
DA:41,0
DA:42,0
DA:49,0
DA:50,0
DA:61,0
DA:94,0
DA:96,0
DA:97,0
DA:98,0
DA:102,0
DA:103,0
DA:106,0
DA:107,0
DA:109,0
DA:110,0
DA:112,0
DA:114,0
DA:115,0
DA:117,0
DA:120,0
DA:122,0
DA:124,0
DA:133,0
DA:140,0
DA:141,0
DA:143,0
DA:146,0
DA:148,0
DA:149,0
DA:150,0
DA:151,0
DA:155,0
DA:156,0
DA:159,0
DA:161,0
DA:163,0
DA:172,0
LF:44
LH:0
BRDA:29,0,0,0
BRDA:29,0,1,0
BRDA:30,1,0,0
BRDA:30,1,1,0
BRDA:38,2,0,0
BRDA:38,2,1,0
BRDA:38,3,0,0
BRDA:38,3,1,0
BRDA:49,4,0,0
BRDA:49,4,1,0
BRDA:93,5,0,0
BRDA:96,6,0,0
BRDA:96,6,1,0
BRDA:102,7,0,0
BRDA:102,7,1,0
BRDA:107,8,0,0
BRDA:107,8,1,0
BRDA:120,9,0,0
BRDA:120,9,1,0
BRDA:141,10,0,0
BRDA:141,10,1,0
BRDA:150,11,0,0
BRDA:150,11,1,0
BRDA:159,12,0,0
BRDA:159,12,1,0
BRF:25
BRH:0
end_of_record
TN:
SF:services/scoring/pgmoeAlgorithm.js
FN:15,centerNormalize
FN:32,(anonymous_1)
FN:33,(anonymous_2)
FN:43,gaussianLogPDF
FN:54,gaussianPDF
FN:67,gatingProbs
FN:103,updateGating
FN:143,computeParsimonousCovariance
FN:162,(anonymous_8)
FN:198,(anonymous_9)
FN:223,countParams
FN:243,kMeansPPInit
FN:251,(anonymous_12)
FN:260,(anonymous_13)
FN:283,fitPGMoE
FN:289,(anonymous_15)
FN:290,(anonymous_16)
FN:297,(anonymous_17)
FN:300,(anonymous_18)
FN:301,(anonymous_19)
FN:310,(anonymous_20)
FN:314,(anonymous_21)
FN:332,(anonymous_22)
FN:390,(anonymous_23)
FN:405,computeNormalizedEntropy
FN:429,selectOptimalModel
FN:461,(anonymous_26)
FN:463,(anonymous_27)
FN:465,(anonymous_28)
FN:470,(anonymous_29)
FN:471,(anonymous_30)
FN:472,(anonymous_31)
FN:508,(anonymous_32)
FN:556,generateClusterLabels
FN:599,computeSilhouetteScore
FN:604,(anonymous_35)
FN:620,(anonymous_36)
FN:632,(anonymous_37)
FN:654,computeDaviesBouldinIndex
FN:658,(anonymous_39)
FNF:40
FNH:34
FNDA:6,centerNormalize
FNDA:32,(anonymous_1)
FNDA:61,(anonymous_2)
FNDA:9600,gaussianLogPDF
FNDA:9600,gaussianPDF
FNDA:20800,gatingProbs
FNDA:500,updateGating
FNDA:510,computeParsimonousCovariance
FNDA:255,(anonymous_8)
FNDA:255,(anonymous_9)
FNDA:8,countParams
FNDA:10,kMeansPPInit
FNDA:112,(anonymous_12)
FNDA:112,(anonymous_13)
FNDA:11,fitPGMoE
FNDA:2,(anonymous_15)
FNDA:2,(anonymous_16)
FNDA:6,(anonymous_17)
FNDA:3,(anonymous_18)
FNDA:3,(anonymous_19)
FNDA:24,(anonymous_20)
FNDA:80,(anonymous_21)
FNDA:80,(anonymous_22)
FNDA:80,(anonymous_23)
FNDA:10,computeNormalizedEntropy
FNDA:1,selectOptimalModel
FNDA:16,(anonymous_26)
FNDA:16,(anonymous_27)
FNDA:17,(anonymous_28)
FNDA:8,(anonymous_29)
FNDA:8,(anonymous_30)
FNDA:8,(anonymous_31)
FNDA:8,(anonymous_32)
FNDA:7,generateClusterLabels
FNDA:0,computeSilhouetteScore
FNDA:0,(anonymous_35)
FNDA:0,(anonymous_36)
FNDA:0,(anonymous_37)
FNDA:0,computeDaviesBouldinIndex
FNDA:0,(anonymous_39)
DA:16,6
DA:17,6
DA:18,6
DA:19,6
DA:22,6
DA:23,61
DA:26,6
DA:27,61
DA:29,11
DA:32,6
DA:33,61
DA:36,6
DA:44,9600
DA:45,9600
DA:46,9600
DA:47,19200
DA:48,19200
DA:49,19200
DA:51,9600
DA:55,9600
DA:68,20800
DA:69,20800
DA:70,20800
DA:72,20800
DA:73,52800
DA:74,105600
DA:75,52800
DA:76,52800
DA:80,20800
DA:81,20800
DA:82,20800
DA:83,52800
DA:84,52800
DA:86,52800
DA:88,20800
DA:104,500
DA:105,500
DA:106,500
DA:108,500
DA:110,1500
DA:111,2100
DA:112,2100
DA:114,2100
DA:115,16800
DA:116,16800
DA:117,16800
DA:118,33600
DA:120,16800
DA:124,2100
DA:125,2100
DA:126,4200
DA:128,2100
DA:144,510
DA:145,510
DA:146,510
DA:148,510
DA:150,102
DA:151,102
DA:152,102
DA:153,255
DA:154,2040
DA:155,2040
DA:156,4080
DA:158,2040
DA:161,102
DA:162,255
DA:165,408
DA:167,102
DA:168,102
DA:169,255
DA:170,255
DA:171,255
DA:172,2040
DA:173,2040
DA:174,4080
DA:176,2040
DA:178,255
DA:179,255
DA:181,102
DA:184,306
DA:186,102
DA:187,102
DA:188,102
DA:189,255
DA:190,2040
DA:191,2040
DA:192,4080
DA:194,2040
DA:197,204
DA:198,255
DA:202,204
DA:203,204
DA:204,459
DA:205,459
DA:206,459
DA:207,3672
DA:208,3672
DA:209,7344
DA:211,3672
DA:213,918
DA:214,459
DA:216,204
DA:225,8
DA:227,8
DA:230,8
DA:231,2
DA:232,2
DA:233,2
DA:234,2
DA:235,0
DA:237,8
DA:244,10
DA:245,10
DA:246,10
DA:248,10
DA:250,10
DA:251,14
DA:252,112
DA:253,112
DA:254,144
DA:255,288
DA:256,144
DA:258,112
DA:260,112
DA:261,14
DA:262,14
DA:263,14
DA:264,58
DA:265,58
DA:267,14
DA:270,10
DA:284,11
DA:285,11
DA:288,11
DA:289,2
DA:290,1
DA:291,2
DA:292,2
DA:293,2
DA:295,1
DA:296,1
DA:297,6
DA:298,3
DA:300,3
DA:301,3
DA:302,1
DA:303,1
DA:307,10
DA:310,24
DA:311,10
DA:314,80
DA:317,10
DA:318,80
DA:319,80
DA:320,80
DA:321,192
DA:322,384
DA:323,192
DA:325,80
DA:326,80
DA:329,10
DA:332,80
DA:334,10
DA:335,10
DA:337,10
DA:339,500
DA:341,500
DA:342,4000
DA:343,4000
DA:344,4000
DA:345,9600
DA:346,9600
DA:347,9600
DA:349,4000
DA:350,9600
DA:351,4000
DA:353,0
DA:358,500
DA:359,0
DA:360,0
DA:362,500
DA:367,500
DA:370,500
DA:371,1200
DA:372,9600
DA:373,1200
DA:375,1200
DA:376,1200
DA:377,9600
DA:378,19200
DA:381,2400
DA:382,1200
DA:386,500
DA:390,10
DA:391,80
DA:392,80
DA:393,112
DA:395,80
DA:398,10
DA:406,10
DA:407,9
DA:408,9
DA:409,68
DA:410,168
DA:411,168
DA:415,9
DA:417,9
DA:430,1
DA:431,1
DA:432,1
DA:434,1
DA:435,1
DA:437,1
DA:439,1
DA:440,4
DA:441,8
DA:442,8
DA:443,8
DA:445,8
DA:446,8
DA:447,8
DA:449,8
DA:453,1
DA:455,0
DA:456,0
DA:461,16
DA:463,16
DA:465,17
DA:467,1
DA:468,1
DA:469,1
DA:470,8
DA:471,8
DA:472,8
DA:475,1
DA:476,1
DA:478,1
DA:479,8
DA:481,8
DA:484,8
DA:485,1
DA:486,1
DA:490,1
DA:494,1
DA:508,8
DA:524,1
DA:558,7
DA:559,0
DA:563,7
DA:564,6
DA:568,4
DA:573,3
DA:574,3
DA:575,15
DA:576,15
DA:577,11
DA:578,7
DA:580,3
DA:600,0
DA:601,0
DA:604,0
DA:605,0
DA:606,0
DA:607,0
DA:610,0
DA:611,0
DA:612,0
DA:615,0
DA:616,0
DA:617,0
DA:619,0
DA:620,0
DA:624,0
DA:625,0
DA:626,0
DA:627,0
DA:628,0
DA:629,0
DA:631,0
DA:632,0
DA:633,0
DA:636,0
DA:638,0
DA:639,0
DA:641,0
DA:655,0
DA:656,0
DA:658,0
DA:659,0
DA:660,0
DA:661,0
DA:665,0
DA:666,0
DA:667,0
DA:668,0
DA:669,0
DA:670,0
DA:672,0
DA:673,0
DA:677,0
DA:678,0
DA:679,0
DA:680,0
DA:681,0
DA:682,0
DA:683,0
DA:684,0
DA:685,0
DA:688,0
DA:690,0
LF:310
LH:251
BRDA:76,0,0,35480
BRDA:76,0,1,17320
BRDA:103,1,0,500
BRDA:103,2,0,500
BRDA:148,3,0,102
BRDA:148,3,1,408
BRDA:165,4,0,102
BRDA:165,4,1,306
BRDA:184,5,0,102
BRDA:184,5,1,204
BRDA:230,6,0,2
BRDA:230,6,1,2
BRDA:230,6,2,2
BRDA:230,6,3,2
BRDA:230,6,4,0
BRDA:265,7,0,14
BRDA:265,7,1,44
BRDA:283,8,0,0
BRDA:283,9,0,11
BRDA:283,10,0,11
BRDA:288,11,0,1
BRDA:288,11,1,10
BRDA:298,12,0,2
BRDA:298,12,1,1
BRDA:323,13,0,131
BRDA:323,13,1,61
BRDA:349,14,0,4000
BRDA:349,14,1,0
BRDA:358,15,0,0
BRDA:358,15,1,500
BRDA:373,16,0,0
BRDA:373,16,1,1200
BRDA:393,17,0,46
BRDA:393,17,1,66
BRDA:406,18,0,1
BRDA:406,18,1,9
BRDA:406,19,0,10
BRDA:406,19,1,9
BRDA:417,20,0,9
BRDA:417,20,1,0
BRDA:429,21,0,0
BRDA:429,22,0,0
BRDA:453,23,0,0
BRDA:453,23,1,1
BRDA:484,24,0,1
BRDA:484,24,1,7
BRDA:556,25,0,7
BRDA:558,26,0,0
BRDA:558,26,1,7
BRDA:558,27,0,7
BRDA:558,27,1,0
BRDA:563,28,0,1
BRDA:563,28,1,6
BRDA:564,29,0,2
BRDA:564,29,1,4
BRDA:568,30,0,1
BRDA:568,30,1,3
BRDA:576,31,0,4
BRDA:576,31,1,11
BRDA:577,32,0,4
BRDA:577,32,1,7
BRDA:601,33,0,0
BRDA:601,33,1,0
BRDA:601,34,0,0
BRDA:601,34,1,0
BRDA:617,35,0,0
BRDA:617,35,1,0
BRDA:617,36,0,0
BRDA:617,36,1,0
BRDA:619,37,0,0
BRDA:619,37,1,0
BRDA:626,38,0,0
BRDA:626,38,1,0
BRDA:629,39,0,0
BRDA:629,39,1,0
BRDA:631,40,0,0
BRDA:631,40,1,0
BRDA:633,41,0,0
BRDA:633,41,1,0
BRDA:636,42,0,0
BRDA:636,42,1,0
BRDA:639,43,0,0
BRDA:639,43,1,0
BRDA:656,44,0,0
BRDA:656,44,1,0
BRDA:656,45,0,0
BRDA:656,45,1,0
BRDA:673,46,0,0
BRDA:673,46,1,0
BRDA:681,47,0,0
BRDA:681,47,1,0
BRDA:683,48,0,0
BRDA:683,48,1,0
BRDA:685,49,0,0
BRDA:685,49,1,0
BRF:95
BRH:50
end_of_record
TN:
SF:services/scoring/scoreComputationService.js
FN:28,computeConceptScore
FN:77,computeAllScores
FN:104,getScoresForChatbot
FNF:3
FNH:2
FNDA:17,computeConceptScore
FNDA:3,computeAllScores
FNDA:0,getScoresForChatbot
DA:29,17
DA:31,17
DA:32,17
DA:34,7
DA:35,5
DA:37,3
DA:38,3
DA:40,3
DA:41,3
DA:43,3
DA:44,3
DA:46,1
DA:47,1
DA:50,14
DA:51,1
DA:52,1
DA:56,13
DA:57,2
DA:58,2
DA:61,11
DA:62,11
DA:65,2
DA:66,2
DA:78,3
DA:80,3
DA:81,3
DA:83,3
DA:84,12
DA:85,12
DA:86,11
DA:90,3
DA:94,3
DA:105,0
LF:33
LH:32
BRDA:32,0,0,7
BRDA:32,0,1,3
BRDA:32,0,2,3
BRDA:32,0,3,3
BRDA:32,0,4,1
BRDA:50,1,0,1
BRDA:50,1,1,13
BRDA:56,2,0,2
BRDA:56,2,1,11
BRDA:56,3,0,13
BRDA:56,3,1,13
BRDA:85,4,0,11
BRDA:85,4,1,1
BRF:13
BRH:13
end_of_record
TN:
SF:services/scoring/scoreQueryService.js
FN:24,getConceptPoolSizes
FN:59,getUserConceptDataSet
FN:69,(anonymous_2)
FN:84,getAllUserMetrics
FN:102,getLMSMetrics
FN:134,getSleepMetrics
FN:159,getScreenTimeMetrics
FN:182,getSRLMetrics
FNF:8
FNH:2
FNDA:2,getConceptPoolSizes
FNDA:2,getUserConceptDataSet
FNDA:0,(anonymous_2)
FNDA:0,getAllUserMetrics
FNDA:0,getLMSMetrics
FNDA:0,getSleepMetrics
FNDA:0,getScreenTimeMetrics
FNDA:0,getSRLMetrics
DA:9,1
DA:25,2
DA:42,2
DA:43,2
DA:44,0
DA:46,2
DA:60,2
DA:69,2
DA:85,0
DA:86,0
DA:87,0
DA:88,0
DA:89,0
DA:91,0
DA:92,0
DA:103,0
DA:120,0
DA:121,0
DA:122,0
DA:130,0
DA:135,0
DA:146,0
DA:147,0
DA:148,0
DA:155,0
DA:160,0
DA:170,0
DA:171,0
DA:172,0
DA:178,0
DA:183,0
DA:190,0
DA:191,0
DA:192,0
DA:193,0
DA:198,0
LF:36
LH:7
BRDA:9,0,0,0
BRDA:9,0,1,1
BRDA:24,1,0,0
BRDA:84,2,0,0
BRDA:85,3,0,0
BRDA:85,3,1,0
BRDA:85,3,2,0
BRDA:85,3,3,0
BRDA:85,3,4,0
BRDA:123,4,0,0
BRDA:123,4,1,0
BRDA:124,5,0,0
BRDA:124,5,1,0
BRDA:125,6,0,0
BRDA:125,6,1,0
BRDA:126,7,0,0
BRDA:126,7,1,0
BRDA:127,8,0,0
BRDA:127,8,1,0
BRDA:149,9,0,0
BRDA:149,9,1,0
BRDA:150,10,0,0
BRDA:150,10,1,0
BRDA:151,11,0,0
BRDA:151,11,1,0
BRDA:152,12,0,0
BRDA:152,12,1,0
BRDA:173,13,0,0
BRDA:173,13,1,0
BRDA:174,14,0,0
BRDA:174,14,1,0
BRDA:175,15,0,0
BRDA:175,15,1,0
BRDA:192,16,0,0
BRDA:192,16,1,0
BRDA:194,17,0,0
BRDA:194,17,1,0
BRF:37
BRH:1
end_of_record
TN:
SF:services/scoring/scoringStrategies.js
FN:26,severityToScore
FN:50,(anonymous_1)
FN:53,(anonymous_2)
FN:59,(anonymous_3)
FN:76,(anonymous_4)
FN:80,(anonymous_5)
FN:84,(anonymous_6)
FN:87,(anonymous_7)
FN:88,(anonymous_8)
FN:91,(anonymous_9)
FNF:10
FNH:3
FNDA:6,severityToScore
FNDA:2,(anonymous_1)
FNDA:3,(anonymous_2)
FNDA:0,(anonymous_3)
FNDA:0,(anonymous_4)
FNDA:0,(anonymous_5)
FNDA:0,(anonymous_6)
FNDA:0,(anonymous_7)
FNDA:0,(anonymous_8)
FNDA:0,(anonymous_9)
DA:15,2
DA:27,6
DA:51,2
DA:52,1
DA:53,3
DA:60,0
DA:77,0
DA:81,0
DA:84,0
DA:87,0
DA:88,0
DA:92,0
LF:12
LH:5
BRDA:27,0,0,6
BRDA:27,0,1,1
BRDA:51,1,0,1
BRDA:51,1,1,1
BRDA:51,2,0,2
BRDA:51,2,1,2
BRDA:81,3,0,0
BRDA:81,3,1,0
BRDA:81,4,0,0
BRDA:81,4,1,0
BRDA:84,5,0,0
BRDA:84,5,1,0
BRF:12
BRH:6
end_of_record
TN:
SF:utils/errors.js
FN:7,(anonymous_0)
FN:17,(anonymous_1)
FN:18,(anonymous_2)
FN:19,(anonymous_3)
FN:20,(anonymous_4)
FN:21,(anonymous_5)
FN:22,(anonymous_6)
FN:23,(anonymous_7)
FN:25,(anonymous_8)
FN:35,(anonymous_9)
FN:35,(anonymous_10)
FNF:11
FNH:9
FNDA:25,(anonymous_0)
FNDA:2,(anonymous_1)
FNDA:1,(anonymous_2)
FNDA:6,(anonymous_3)
FNDA:8,(anonymous_4)
FNDA:3,(anonymous_5)
FNDA:1,(anonymous_6)
FNDA:0,(anonymous_7)
FNDA:0,(anonymous_8)
FNDA:41,(anonymous_9)
FNDA:84,(anonymous_10)
DA:8,25
DA:9,25
DA:10,25
DA:11,25
DA:12,25
DA:16,13
DA:17,2
DA:18,1
DA:19,6
DA:20,8
DA:21,3
DA:22,1
DA:23,0
DA:25,0
DA:35,41
DA:36,84
DA:37,84
DA:39,17
DA:40,17
DA:41,17
LF:20
LH:18
BRDA:7,0,0,1
BRDA:7,1,0,13
BRDA:39,2,0,15
BRDA:39,2,1,2
BRDA:44,3,0,17
BRDA:44,3,1,17
BRDA:44,3,2,9
BRF:7
BRH:7
end_of_record
TN:
SF:utils/logger.js
FN:16,(anonymous_0)
FN:21,(anonymous_1)
FN:74,(anonymous_2)
FN:78,(anonymous_3)
FN:83,(anonymous_4)
FNF:5
FNH:2
FNDA:4,(anonymous_0)
FNDA:10,(anonymous_1)
FNDA:0,(anonymous_2)
FNDA:0,(anonymous_3)
FNDA:0,(anonymous_4)
DA:6,3
DA:9,3
DA:10,3
DA:13,3
DA:16,3
DA:17,4
DA:21,3
DA:22,10
DA:23,10
DA:24,0
DA:26,10
DA:30,3
DA:73,3
DA:74,0
DA:78,3
DA:79,0
DA:83,3
DA:84,0
LF:18
LH:14
BRDA:17,0,0,4
BRDA:17,0,1,4
BRDA:22,1,0,10
BRDA:22,1,1,10
BRDA:23,2,0,0
BRDA:23,2,1,10
BRDA:31,3,0,3
BRDA:31,3,1,3
BRDA:78,4,0,0
BRDA:83,5,0,0
BRF:10
BRH:7
end_of_record
TN:
SF:utils/stats.js
FN:10,percentile
FNF:1
FNH:1
FNDA:3274,percentile
DA:11,3274
DA:12,3274
DA:13,3274
DA:14,3274
DA:15,3274
DA:16,3274
DA:17,3271
LF:7
LH:7
BRDA:11,0,0,0
BRDA:11,0,1,3274
BRDA:12,1,0,0
BRDA:12,1,1,3274
BRDA:16,2,0,3
BRDA:16,2,1,3271
BRF:6
BRH:4
end_of_record
TN:
SF:utils/withTransaction.js
FN:10,withTransaction
FNF:1
FNH:1
FNDA:3,withTransaction
DA:11,3
DA:12,3
DA:13,3
DA:14,3
DA:15,1
DA:16,1
DA:18,2
DA:19,1
DA:21,3
LF:9
LH:9
BRF:0
BRH:0
end_of_record
